2021-01-29 01:23:29,917 	 [INFO | officialFPLApi.py:91] > Collecting event status
2021-01-29 01:23:29,918 	 [INFO | officialFPLApi.py:96] > Request for event status : https://fantasy.premierleague.com/api/event-status/
2021-01-29 01:23:41,916 	 [INFO | officialFPLApi.py:91] > Collecting event status
2021-01-29 01:23:41,916 	 [INFO | officialFPLApi.py:96] > Request for event status : https://fantasy.premierleague.com/api/event-status/
2021-01-29 01:24:21,235 	 [INFO | officialFPLApi.py:113] > Collecting bootstrap static data
2021-01-29 01:24:21,235 	 [INFO | officialFPLApi.py:118] > Request for bootstrap static data : https://fantasy.premierleague.com/api/bootstrap-static/
2021-01-29 13:22:48,464 	 [INFO | officialFPLApi.py:91] > Collecting event status
2021-01-29 13:22:48,467 	 [INFO | officialFPLApi.py:96] > Request for event status : https://fantasy.premierleague.com/api/event-status/
2021-01-29 13:23:04,345 	 [INFO | officialFPLApi.py:91] > Collecting event status
2021-01-29 13:23:04,345 	 [INFO | officialFPLApi.py:96] > Request for event status : https://fantasy.premierleague.com/api/event-status/
2021-01-29 13:23:11,024 	 [INFO | officialFPLApi.py:91] > Collecting event status
2021-01-29 13:23:11,024 	 [INFO | officialFPLApi.py:96] > Request for event status : https://fantasy.premierleague.com/api/event-status/
2021-01-29 13:23:21,244 	 [INFO | officialFPLApi.py:91] > Collecting event status
2021-01-29 13:23:21,244 	 [INFO | officialFPLApi.py:96] > Request for event status : https://fantasy.premierleague.com/api/event-status/
2021-01-29 13:25:04,227 	 [INFO | officialFPLApi.py:91] > Collecting event status
2021-01-29 13:25:04,227 	 [INFO | officialFPLApi.py:96] > Request for event status : https://fantasy.premierleague.com/api/event-status/
2021-01-29 13:25:56,871 	 [INFO | officialFPLApi.py:91] > Collecting event status
2021-01-29 13:25:56,879 	 [INFO | officialFPLApi.py:96] > Request for event status : https://fantasy.premierleague.com/api/event-status/
2021-01-29 13:25:58,381 	 [INFO | officialFPLApi.py:91] > Collecting event status
2021-01-29 13:25:58,381 	 [INFO | officialFPLApi.py:96] > Request for event status : https://fantasy.premierleague.com/api/event-status/
2021-01-29 13:25:58,990 	 [INFO | officialFPLApi.py:79] > Collecting fixture information
2021-01-29 13:25:58,990 	 [INFO | officialFPLApi.py:84] > Request for event status : https://fantasy.premierleague.com/api/fixtures/?event=20
2021-01-29 14:36:19,960 	 [INFO | officialFPLApi.py:91] > Collecting event status
2021-01-29 14:36:19,960 	 [INFO | officialFPLApi.py:96] > Request for event status : https://fantasy.premierleague.com/api/event-status/
2021-01-29 15:11:02,313 	 [INFO | officialFPLApi.py:91] > Collecting event status
2021-01-29 15:11:02,313 	 [INFO | officialFPLApi.py:96] > Request for event status : https://fantasy.premierleague.com/api/event-status/
2021-01-29 15:11:11,266 	 [INFO | officialFPLApi.py:79] > Collecting fixture information
2021-01-29 15:11:11,266 	 [INFO | officialFPLApi.py:84] > Request for event status : https://fantasy.premierleague.com/api/fixtures/?event=20
2021-01-29 15:11:40,379 	 [INFO | officialFPLApi.py:91] > Collecting event status
2021-01-29 15:11:40,379 	 [INFO | officialFPLApi.py:96] > Request for event status : https://fantasy.premierleague.com/api/event-status/
2021-01-29 15:11:41,279 	 [INFO | officialFPLApi.py:79] > Collecting fixture information
2021-01-29 15:11:41,279 	 [INFO | officialFPLApi.py:84] > Request for event status : https://fantasy.premierleague.com/api/fixtures/?event=20
2021-01-29 15:19:54,132 	 [INFO | officialFPLApi.py:91] > Collecting event status
2021-01-29 15:19:54,132 	 [INFO | officialFPLApi.py:96] > Request for event status : https://fantasy.premierleague.com/api/event-status/
2021-01-29 15:19:56,189 	 [INFO | officialFPLApi.py:79] > Collecting fixture information
2021-01-29 15:19:56,189 	 [INFO | officialFPLApi.py:84] > Request for event status : https://fantasy.premierleague.com/api/fixtures/?event=20
2021-01-29 15:20:18,462 	 [INFO | officialFPLApi.py:91] > Collecting event status
2021-01-29 15:20:18,462 	 [INFO | officialFPLApi.py:96] > Request for event status : https://fantasy.premierleague.com/api/event-status/
2021-01-29 15:20:20,959 	 [INFO | officialFPLApi.py:79] > Collecting fixture information
2021-01-29 15:20:20,959 	 [INFO | officialFPLApi.py:84] > Request for event status : https://fantasy.premierleague.com/api/fixtures/?event=20
2021-01-29 15:22:31,754 	 [INFO | officialFPLApi.py:91] > Collecting event status
2021-01-29 15:22:31,754 	 [INFO | officialFPLApi.py:96] > Request for event status : https://fantasy.premierleague.com/api/event-status/
2021-01-29 15:22:33,890 	 [INFO | officialFPLApi.py:79] > Collecting fixture information
2021-01-29 15:22:33,890 	 [INFO | officialFPLApi.py:84] > Request for event status : https://fantasy.premierleague.com/api/fixtures/?event=20
2021-01-29 15:23:38,600 	 [INFO | officialFPLApi.py:91] > Collecting event status
2021-01-29 15:23:38,600 	 [INFO | officialFPLApi.py:96] > Request for event status : https://fantasy.premierleague.com/api/event-status/
2021-01-29 15:23:40,748 	 [INFO | officialFPLApi.py:79] > Collecting fixture information
2021-01-29 15:23:40,748 	 [INFO | officialFPLApi.py:84] > Request for event status : https://fantasy.premierleague.com/api/fixtures/?event=20
2021-01-29 15:24:05,678 	 [INFO | officialFPLApi.py:91] > Collecting event status
2021-01-29 15:24:05,678 	 [INFO | officialFPLApi.py:96] > Request for event status : https://fantasy.premierleague.com/api/event-status/
2021-01-29 15:24:07,270 	 [INFO | officialFPLApi.py:79] > Collecting fixture information
2021-01-29 15:24:07,270 	 [INFO | officialFPLApi.py:84] > Request for event status : https://fantasy.premierleague.com/api/fixtures/?event=20
2021-01-29 15:47:24,535 	 [INFO | driver.py:21] > Driver setting up ...
2021-01-29 15:59:23,776 	 [INFO | driver.py:20] > Driver setting up ...
2021-01-29 15:59:36,912 	 [INFO | driver.py:20] > Driver setting up ...
2021-01-29 16:09:12,957 	 [INFO | driver.py:20] > Driver setting up ...
2021-01-29 16:17:40,942 	 [INFO | driver.py:20] > Driver setting up ...
2021-01-29 16:18:27,277 	 [INFO | driver.py:20] > Driver setting up ...
2021-01-29 16:18:27,297 	 [INFO | driver.py:45] > [.] Running job LeagueMembershipCacheJob at 2021-01-29 16:18:27.297236
2021-01-29 18:15:19,827 	 [INFO | driver.py:20] > Driver setting up ...
2021-01-29 18:15:19,837 	 [INFO | driver.py:45] > [.] Running job LeagueMembershipCacheJob at 2021-01-29 18:15:19.837348
2021-01-29 18:16:15,942 	 [INFO | driver.py:20] > Driver setting up ...
2021-01-29 18:16:15,958 	 [INFO | driver.py:45] > [.] Running job LeagueMembershipCacheJob at 2021-01-29 18:16:15.958871
2021-01-29 18:16:30,291 	 [INFO | officialFPLApi.py:156] > Collecting classic league standings for 0
2021-01-29 18:16:30,291 	 [INFO | officialFPLApi.py:161] > Request for classic league standings : https://fantasy.premierleague.com/api/leagues-classic/0/standings/
2021-01-29 18:16:31,202 	 [INFO | officialFPLApi.py:165] > Collected response for classic league standings : {'detail': 'Not found.'}
2021-01-29 18:50:41,878 	 [INFO | officialFPLApi.py:113] > Collecting bootstrap static data
2021-01-29 18:50:41,878 	 [INFO | officialFPLApi.py:118] > Request for bootstrap static data : https://fantasy.premierleague.com/api/bootstrap-static/
2021-01-29 18:53:24,328 	 [INFO | dashboardRequestHandler.py:18] > [INCOMING] Request at /api/CLASSICLEAGUE/854530
2021-01-29 18:53:34,308 	 [INFO | officialFPLApi.py:91] > Collecting event status
2021-01-29 18:53:34,308 	 [INFO | officialFPLApi.py:96] > Request for event status : https://fantasy.premierleague.com/api/event-status/
2021-01-29 18:53:43,966 	 [INFO | coreUtils.py:200] >  ! Error onboarding new league 854530 to fpldb
2021-01-29 18:53:43,966 	 [INFO | coreUtils.py:202] >  ! Error collecting new league 854530 data from fpldb
2021-01-29 18:54:22,699 	 [ERROR | dashboardRequestHandler.py:27] > [EXCEPTION] While trying to respond to query /api/CLASSICLEAGUE/854530
Traceback (most recent call last):
  File "D:\Sherine Davis\Code\PycharmProjects\FPLDasherboard\fpldb\dashboardService\handlers\dashboardRequestHandler.py", line 22, in get
    response = self.calculateLiveStandingsForLeague()
  File "D:\Sherine Davis\Code\PycharmProjects\FPLDasherboard\fpldb\dashboardService\handlers\dashboardRequestHandler.py", line 268, in calculateLiveStandingsForLeague
    currentStandings = self.getClassicLeagueStandings()
  File "D:\Sherine Davis\Code\PycharmProjects\FPLDasherboard\fpldb\dashboardService\handlers\dashboardRequestHandler.py", line 209, in getClassicLeagueStandings
    for entry in basicInfo['standings']['results']:
TypeError: 'NoneType' object is not subscriptable
2021-01-29 18:54:27,768 	 [INFO | dashboardRequestHandler.py:18] > [INCOMING] Request at /api/CLASSICLEAGUE/854530
2021-01-29 18:54:34,069 	 [INFO | officialFPLApi.py:91] > Collecting event status
2021-01-29 18:54:34,074 	 [INFO | officialFPLApi.py:96] > Request for event status : https://fantasy.premierleague.com/api/event-status/
2021-01-29 18:55:08,178 	 [INFO | coreUtils.py:200] >  ! Error onboarding new league 854530 to fpldb
2021-01-29 18:55:08,178 	 [INFO | coreUtils.py:202] >  ! Error collecting new league 854530 data from fpldb
2021-01-29 19:06:35,929 	 [ERROR | dashboardRequestHandler.py:27] > [EXCEPTION] While trying to respond to query /api/CLASSICLEAGUE/854530
Traceback (most recent call last):
  File "D:\Sherine Davis\Code\PycharmProjects\FPLDasherboard\fpldb\dashboardService\handlers\dashboardRequestHandler.py", line 22, in get
    response = self.calculateLiveStandingsForLeague()
  File "D:\Sherine Davis\Code\PycharmProjects\FPLDasherboard\fpldb\dashboardService\handlers\dashboardRequestHandler.py", line 268, in calculateLiveStandingsForLeague
    currentStandings = self.getClassicLeagueStandings()
  File "D:\Sherine Davis\Code\PycharmProjects\FPLDasherboard\fpldb\dashboardService\handlers\dashboardRequestHandler.py", line 209, in getClassicLeagueStandings
    for entry in basicInfo['standings']['results']:
TypeError: 'NoneType' object is not subscriptable
2021-01-29 19:06:40,979 	 [INFO | dashboardRequestHandler.py:18] > [INCOMING] Request at /api/CLASSICLEAGUE/854530
2021-01-29 19:06:44,348 	 [INFO | officialFPLApi.py:91] > Collecting event status
2021-01-29 19:06:44,348 	 [INFO | officialFPLApi.py:96] > Request for event status : https://fantasy.premierleague.com/api/event-status/
2021-01-29 19:08:56,884 	 [INFO | officialFPLApi.py:113] > Collecting bootstrap static data
2021-01-29 19:08:56,884 	 [INFO | officialFPLApi.py:118] > Request for bootstrap static data : https://fantasy.premierleague.com/api/bootstrap-static/
2021-01-29 19:09:05,209 	 [INFO | dashboardRequestHandler.py:18] > [INCOMING] Request at /api/CLASSICLEAGUE/854530
2021-01-29 19:09:06,718 	 [INFO | officialFPLApi.py:91] > Collecting event status
2021-01-29 19:09:06,718 	 [INFO | officialFPLApi.py:96] > Request for event status : https://fantasy.premierleague.com/api/event-status/
2021-01-29 19:10:43,959 	 [INFO | officialFPLApi.py:113] > Collecting bootstrap static data
2021-01-29 19:10:43,959 	 [INFO | officialFPLApi.py:118] > Request for bootstrap static data : https://fantasy.premierleague.com/api/bootstrap-static/
2021-01-29 19:10:47,049 	 [INFO | service.py:18] > Dashboard service listening on http://localhost:8086
2021-01-29 19:10:48,874 	 [INFO | dashboardRequestHandler.py:18] > [INCOMING] Request at /api/CLASSICLEAGUE/854530
2021-01-29 19:12:07,149 	 [INFO | officialFPLApi.py:113] > Collecting bootstrap static data
2021-01-29 19:12:07,149 	 [INFO | officialFPLApi.py:118] > Request for bootstrap static data : https://fantasy.premierleague.com/api/bootstrap-static/
2021-01-29 19:12:10,329 	 [INFO | service.py:18] > Dashboard service listening on http://localhost:8086
2021-01-29 19:12:33,729 	 [INFO | dashboardRequestHandler.py:18] > [INCOMING] Request at /api/CLASSICLEAGUE/854530 - 
2021-01-29 19:13:00,009 	 [INFO | officialFPLApi.py:91] > Collecting event status
2021-01-29 19:13:00,009 	 [INFO | officialFPLApi.py:96] > Request for event status : https://fantasy.premierleague.com/api/event-status/
2021-01-29 19:18:23,769 	 [INFO | officialFPLApi.py:113] > Collecting bootstrap static data
2021-01-29 19:18:23,769 	 [INFO | officialFPLApi.py:118] > Request for bootstrap static data : https://fantasy.premierleague.com/api/bootstrap-static/
2021-01-29 19:18:26,589 	 [INFO | service.py:18] > Dashboard service listening on http://localhost:8086
2021-01-29 19:19:06,009 	 [INFO | dashboardRequestHandler.py:18] > [INCOMING] Request at /api/CLASSICLEAGUE/854530 
2021-01-29 19:20:01,715 	 [INFO | officialFPLApi.py:91] > Collecting event status
2021-01-29 19:20:01,715 	 [INFO | officialFPLApi.py:96] > Request for event status : https://fantasy.premierleague.com/api/event-status/
2021-01-29 19:21:00,349 	 [INFO | officialFPLApi.py:156] > Collecting classic league standings for 854530
2021-01-29 19:21:00,349 	 [INFO | officialFPLApi.py:161] > Request for classic league standings : https://fantasy.premierleague.com/api/leagues-classic/854530/standings/
2021-01-29 19:21:01,251 	 [INFO | officialFPLApi.py:165] > Collected response for classic league standings : {'league': {'id': 854530, 'name': 'Justice league :D', 'created': '2020-09-09T15:45:20.296151Z', 'closed': False, 'max_entries': None, 'league_type': 'x', 'scoring': 'c', 'admin_entry': 3753381, 'start_event': 1, 'code_privacy': 'p', 'has_cup': False, 'cup_league': None, 'rank': None}, 'new_entries': {'has_next': False, 'page': 1, 'results': []}, 'standings': {'has_next': False, 'page': 1, 'results': [{'id': 22698054, 'event_total': 54, 'player_name': 'Rohit Roy', 'rank': 1, 'last_rank': 1, 'rank_sort': 1, 'total': 1254, 'entry': 2599752, 'entry_name': "Shambu's kids"}, {'id': 22698056, 'event_total': 47, 'player_name': 'Nitin Krishna', 'rank': 2, 'last_rank': 2, 'rank_sort': 2, 'total': 1232, 'entry': 799765, 'entry_name': 'NiñeXI'}, {'id': 31547344, 'event_total': 42, 'player_name': 'Sherine Davis', 'rank': 3, 'last_rank': 3, 'rank_sort': 3, 'total': 1203, 'entry': 4979783, 'entry_name': 'Da Sher'}, {'id': 22698058, 'event_total': 41, 'player_name': 'Ajish Philip', 'rank': 4, 'last_rank': 4, 'rank_sort': 4, 'total': 1189, 'entry': 2925830, 'entry_name': 'MFC'}, {'id': 22698059, 'event_total': 41, 'player_name': 'Sanjo Jain', 'rank': 5, 'last_rank': 5, 'rank_sort': 5, 'total': 1188, 'entry': 489665, 'entry_name': 'KappaFishcurryXI'}, {'id': 29649115, 'event_total': 70, 'player_name': 'Aryabhatt M R', 'rank': 6, 'last_rank': 7, 'rank_sort': 6, 'total': 1182, 'entry': 4710397, 'entry_name': 'ole ole ole'}, {'id': 22698050, 'event_total': 42, 'player_name': 'Janardhan Kammath', 'rank': 7, 'last_rank': 6, 'rank_sort': 7, 'total': 1167, 'entry': 3753381, 'entry_name': 'Kallummakkais'}, {'id': 35959276, 'event_total': 50, 'player_name': 'Sreeraj Janardhanan', 'rank': 8, 'last_rank': 8, 'rank_sort': 8, 'total': 1155, 'entry': 5572779, 'entry_name': 'Purge'}, {'id': 22698061, 'event_total': 68, 'player_name': 'Vijay Ganapathy Girish', 'rank': 9, 'last_rank': 10, 'rank_sort': 9, 'total': 1154, 'entry': 427885, 'entry_name': "Vijayettan's XI"}, {'id': 23262481, 'event_total': 30, 'player_name': 'Vishnu Prabhakar', 'rank': 10, 'last_rank': 9, 'rank_sort': 10, 'total': 1125, 'entry': 3831449, 'entry_name': 'Lord8ar2omeuFC'}, {'id': 22839657, 'event_total': 47, 'player_name': 'Ramakrishnan Natarajan', 'rank': 11, 'last_rank': 11, 'rank_sort': 11, 'total': 1111, 'entry': 3165748, 'entry_name': 'Gilphonsi Malpova'}, {'id': 22732254, 'event_total': 44, 'player_name': 'Jeremy Elengical', 'rank': 12, 'last_rank': 12, 'rank_sort': 12, 'total': 1091, 'entry': 3758444, 'entry_name': 'Crystal Phallus'}, {'id': 22698053, 'event_total': 27, 'player_name': 'Shivaraj Jayakumar', 'rank': 13, 'last_rank': 13, 'rank_sort': 13, 'total': 1024, 'entry': 468623, 'entry_name': 'Überdogs'}, {'id': 22698052, 'event_total': 35, 'player_name': 'satrujit mohanty', 'rank': 14, 'last_rank': 14, 'rank_sort': 14, 'total': 1017, 'entry': 1664036, 'entry_name': 'OnlyTillNovember FC'}, {'id': 29512318, 'event_total': 33, 'player_name': 'Vishnu Balakrishnan', 'rank': 15, 'last_rank': 15, 'rank_sort': 15, 'total': 918, 'entry': 4693999, 'entry_name': 'Gilphonsi Malpova'}, {'id': 35492143, 'event_total': 25, 'player_name': 'Anwin P S', 'rank': 16, 'last_rank': 16, 'rank_sort': 16, 'total': 910, 'entry': 5510973, 'entry_name': 'an_archist'}, {'id': 31905386, 'event_total': 56, 'player_name': 'Shahabas Shamsad', 'rank': 17, 'last_rank': 17, 'rank_sort': 17, 'total': 891, 'entry': 5032016, 'entry_name': 'Kondotty Bros.'}, {'id': 27698739, 'event_total': 42, 'player_name': 'Sam Radhakrishnan', 'rank': 18, 'last_rank': 19, 'rank_sort': 18, 'total': 830, 'entry': 4452170, 'entry_name': 'Childish Firmino'}, {'id': 30293794, 'event_total': 30, 'player_name': 'Aravind Krishnan', 'rank': 19, 'last_rank': 18, 'rank_sort': 19, 'total': 825, 'entry': 4804247, 'entry_name': 'Warrrr'}, {'id': 28967597, 'event_total': 36, 'player_name': 'Sai Chaithanya', 'rank': 20, 'last_rank': 20, 'rank_sort': 20, 'total': 745, 'entry': 4622834, 'entry_name': 'The Imparables'}]}}
2021-01-29 19:23:23,909 	 [INFO | officialFPLApi.py:113] > Collecting bootstrap static data
2021-01-29 19:23:23,909 	 [INFO | officialFPLApi.py:118] > Request for bootstrap static data : https://fantasy.premierleague.com/api/bootstrap-static/
2021-01-29 19:23:27,424 	 [INFO | service.py:18] > Dashboard service listening on http://localhost:8086
2021-01-29 19:23:30,010 	 [INFO | dashboardRequestHandler.py:18] > [INCOMING] Request at /api/CLASSICLEAGUE/854530 
2021-01-29 19:23:31,074 	 [INFO | officialFPLApi.py:91] > Collecting event status
2021-01-29 19:23:31,074 	 [INFO | officialFPLApi.py:96] > Request for event status : https://fantasy.premierleague.com/api/event-status/
2021-01-29 19:23:51,829 	 [INFO | officialFPLApi.py:156] > Collecting classic league standings for 854530
2021-01-29 19:23:51,829 	 [INFO | officialFPLApi.py:161] > Request for classic league standings : https://fantasy.premierleague.com/api/leagues-classic/854530/standings/
2021-01-29 19:23:52,599 	 [INFO | officialFPLApi.py:165] > Collected response for classic league standings : {'league': {'id': 854530, 'name': 'Justice league :D', 'created': '2020-09-09T15:45:20.296151Z', 'closed': False, 'max_entries': None, 'league_type': 'x', 'scoring': 'c', 'admin_entry': 3753381, 'start_event': 1, 'code_privacy': 'p', 'has_cup': False, 'cup_league': None, 'rank': None}, 'new_entries': {'has_next': False, 'page': 1, 'results': []}, 'standings': {'has_next': False, 'page': 1, 'results': [{'id': 22698054, 'event_total': 54, 'player_name': 'Rohit Roy', 'rank': 1, 'last_rank': 1, 'rank_sort': 1, 'total': 1254, 'entry': 2599752, 'entry_name': "Shambu's kids"}, {'id': 22698056, 'event_total': 47, 'player_name': 'Nitin Krishna', 'rank': 2, 'last_rank': 2, 'rank_sort': 2, 'total': 1232, 'entry': 799765, 'entry_name': 'NiñeXI'}, {'id': 31547344, 'event_total': 42, 'player_name': 'Sherine Davis', 'rank': 3, 'last_rank': 3, 'rank_sort': 3, 'total': 1203, 'entry': 4979783, 'entry_name': 'Da Sher'}, {'id': 22698058, 'event_total': 41, 'player_name': 'Ajish Philip', 'rank': 4, 'last_rank': 4, 'rank_sort': 4, 'total': 1189, 'entry': 2925830, 'entry_name': 'MFC'}, {'id': 22698059, 'event_total': 41, 'player_name': 'Sanjo Jain', 'rank': 5, 'last_rank': 5, 'rank_sort': 5, 'total': 1188, 'entry': 489665, 'entry_name': 'KappaFishcurryXI'}, {'id': 29649115, 'event_total': 70, 'player_name': 'Aryabhatt M R', 'rank': 6, 'last_rank': 7, 'rank_sort': 6, 'total': 1182, 'entry': 4710397, 'entry_name': 'ole ole ole'}, {'id': 22698050, 'event_total': 42, 'player_name': 'Janardhan Kammath', 'rank': 7, 'last_rank': 6, 'rank_sort': 7, 'total': 1167, 'entry': 3753381, 'entry_name': 'Kallummakkais'}, {'id': 35959276, 'event_total': 50, 'player_name': 'Sreeraj Janardhanan', 'rank': 8, 'last_rank': 8, 'rank_sort': 8, 'total': 1155, 'entry': 5572779, 'entry_name': 'Purge'}, {'id': 22698061, 'event_total': 68, 'player_name': 'Vijay Ganapathy Girish', 'rank': 9, 'last_rank': 10, 'rank_sort': 9, 'total': 1154, 'entry': 427885, 'entry_name': "Vijayettan's XI"}, {'id': 23262481, 'event_total': 30, 'player_name': 'Vishnu Prabhakar', 'rank': 10, 'last_rank': 9, 'rank_sort': 10, 'total': 1125, 'entry': 3831449, 'entry_name': 'Lord8ar2omeuFC'}, {'id': 22839657, 'event_total': 47, 'player_name': 'Ramakrishnan Natarajan', 'rank': 11, 'last_rank': 11, 'rank_sort': 11, 'total': 1111, 'entry': 3165748, 'entry_name': 'Gilphonsi Malpova'}, {'id': 22732254, 'event_total': 44, 'player_name': 'Jeremy Elengical', 'rank': 12, 'last_rank': 12, 'rank_sort': 12, 'total': 1091, 'entry': 3758444, 'entry_name': 'Crystal Phallus'}, {'id': 22698053, 'event_total': 27, 'player_name': 'Shivaraj Jayakumar', 'rank': 13, 'last_rank': 13, 'rank_sort': 13, 'total': 1024, 'entry': 468623, 'entry_name': 'Überdogs'}, {'id': 22698052, 'event_total': 35, 'player_name': 'satrujit mohanty', 'rank': 14, 'last_rank': 14, 'rank_sort': 14, 'total': 1017, 'entry': 1664036, 'entry_name': 'OnlyTillNovember FC'}, {'id': 29512318, 'event_total': 33, 'player_name': 'Vishnu Balakrishnan', 'rank': 15, 'last_rank': 15, 'rank_sort': 15, 'total': 918, 'entry': 4693999, 'entry_name': 'Gilphonsi Malpova'}, {'id': 35492143, 'event_total': 25, 'player_name': 'Anwin P S', 'rank': 16, 'last_rank': 16, 'rank_sort': 16, 'total': 910, 'entry': 5510973, 'entry_name': 'an_archist'}, {'id': 31905386, 'event_total': 56, 'player_name': 'Shahabas Shamsad', 'rank': 17, 'last_rank': 17, 'rank_sort': 17, 'total': 891, 'entry': 5032016, 'entry_name': 'Kondotty Bros.'}, {'id': 27698739, 'event_total': 42, 'player_name': 'Sam Radhakrishnan', 'rank': 18, 'last_rank': 19, 'rank_sort': 18, 'total': 830, 'entry': 4452170, 'entry_name': 'Childish Firmino'}, {'id': 30293794, 'event_total': 30, 'player_name': 'Aravind Krishnan', 'rank': 19, 'last_rank': 18, 'rank_sort': 19, 'total': 825, 'entry': 4804247, 'entry_name': 'Warrrr'}, {'id': 28967597, 'event_total': 36, 'player_name': 'Sai Chaithanya', 'rank': 20, 'last_rank': 20, 'rank_sort': 20, 'total': 745, 'entry': 4622834, 'entry_name': 'The Imparables'}]}}
2021-01-29 19:24:10,549 	 [INFO | officialFPLApi.py:113] > Collecting bootstrap static data
2021-01-29 19:24:10,549 	 [INFO | officialFPLApi.py:118] > Request for bootstrap static data : https://fantasy.premierleague.com/api/bootstrap-static/
2021-01-29 19:24:14,430 	 [INFO | service.py:18] > Dashboard service listening on http://localhost:8086
2021-01-29 19:24:14,529 	 [INFO | dashboardRequestHandler.py:18] > [INCOMING] Request at /api/CLASSICLEAGUE/854530 
2021-01-29 19:24:14,529 	 [INFO | officialFPLApi.py:91] > Collecting event status
2021-01-29 19:24:14,529 	 [INFO | officialFPLApi.py:96] > Request for event status : https://fantasy.premierleague.com/api/event-status/
2021-01-29 19:24:24,635 	 [INFO | officialFPLApi.py:156] > Collecting classic league standings for 854530
2021-01-29 19:24:24,635 	 [INFO | officialFPLApi.py:161] > Request for classic league standings : https://fantasy.premierleague.com/api/leagues-classic/854530/standings/
2021-01-29 19:24:25,439 	 [INFO | officialFPLApi.py:165] > Collected response for classic league standings : {'league': {'id': 854530, 'name': 'Justice league :D', 'created': '2020-09-09T15:45:20.296151Z', 'closed': False, 'max_entries': None, 'league_type': 'x', 'scoring': 'c', 'admin_entry': 3753381, 'start_event': 1, 'code_privacy': 'p', 'has_cup': False, 'cup_league': None, 'rank': None}, 'new_entries': {'has_next': False, 'page': 1, 'results': []}, 'standings': {'has_next': False, 'page': 1, 'results': [{'id': 22698054, 'event_total': 54, 'player_name': 'Rohit Roy', 'rank': 1, 'last_rank': 1, 'rank_sort': 1, 'total': 1254, 'entry': 2599752, 'entry_name': "Shambu's kids"}, {'id': 22698056, 'event_total': 47, 'player_name': 'Nitin Krishna', 'rank': 2, 'last_rank': 2, 'rank_sort': 2, 'total': 1232, 'entry': 799765, 'entry_name': 'NiñeXI'}, {'id': 31547344, 'event_total': 42, 'player_name': 'Sherine Davis', 'rank': 3, 'last_rank': 3, 'rank_sort': 3, 'total': 1203, 'entry': 4979783, 'entry_name': 'Da Sher'}, {'id': 22698058, 'event_total': 41, 'player_name': 'Ajish Philip', 'rank': 4, 'last_rank': 4, 'rank_sort': 4, 'total': 1189, 'entry': 2925830, 'entry_name': 'MFC'}, {'id': 22698059, 'event_total': 41, 'player_name': 'Sanjo Jain', 'rank': 5, 'last_rank': 5, 'rank_sort': 5, 'total': 1188, 'entry': 489665, 'entry_name': 'KappaFishcurryXI'}, {'id': 29649115, 'event_total': 70, 'player_name': 'Aryabhatt M R', 'rank': 6, 'last_rank': 7, 'rank_sort': 6, 'total': 1182, 'entry': 4710397, 'entry_name': 'ole ole ole'}, {'id': 22698050, 'event_total': 42, 'player_name': 'Janardhan Kammath', 'rank': 7, 'last_rank': 6, 'rank_sort': 7, 'total': 1167, 'entry': 3753381, 'entry_name': 'Kallummakkais'}, {'id': 35959276, 'event_total': 50, 'player_name': 'Sreeraj Janardhanan', 'rank': 8, 'last_rank': 8, 'rank_sort': 8, 'total': 1155, 'entry': 5572779, 'entry_name': 'Purge'}, {'id': 22698061, 'event_total': 68, 'player_name': 'Vijay Ganapathy Girish', 'rank': 9, 'last_rank': 10, 'rank_sort': 9, 'total': 1154, 'entry': 427885, 'entry_name': "Vijayettan's XI"}, {'id': 23262481, 'event_total': 30, 'player_name': 'Vishnu Prabhakar', 'rank': 10, 'last_rank': 9, 'rank_sort': 10, 'total': 1125, 'entry': 3831449, 'entry_name': 'Lord8ar2omeuFC'}, {'id': 22839657, 'event_total': 47, 'player_name': 'Ramakrishnan Natarajan', 'rank': 11, 'last_rank': 11, 'rank_sort': 11, 'total': 1111, 'entry': 3165748, 'entry_name': 'Gilphonsi Malpova'}, {'id': 22732254, 'event_total': 44, 'player_name': 'Jeremy Elengical', 'rank': 12, 'last_rank': 12, 'rank_sort': 12, 'total': 1091, 'entry': 3758444, 'entry_name': 'Crystal Phallus'}, {'id': 22698053, 'event_total': 27, 'player_name': 'Shivaraj Jayakumar', 'rank': 13, 'last_rank': 13, 'rank_sort': 13, 'total': 1024, 'entry': 468623, 'entry_name': 'Überdogs'}, {'id': 22698052, 'event_total': 35, 'player_name': 'satrujit mohanty', 'rank': 14, 'last_rank': 14, 'rank_sort': 14, 'total': 1017, 'entry': 1664036, 'entry_name': 'OnlyTillNovember FC'}, {'id': 29512318, 'event_total': 33, 'player_name': 'Vishnu Balakrishnan', 'rank': 15, 'last_rank': 15, 'rank_sort': 15, 'total': 918, 'entry': 4693999, 'entry_name': 'Gilphonsi Malpova'}, {'id': 35492143, 'event_total': 25, 'player_name': 'Anwin P S', 'rank': 16, 'last_rank': 16, 'rank_sort': 16, 'total': 910, 'entry': 5510973, 'entry_name': 'an_archist'}, {'id': 31905386, 'event_total': 56, 'player_name': 'Shahabas Shamsad', 'rank': 17, 'last_rank': 17, 'rank_sort': 17, 'total': 891, 'entry': 5032016, 'entry_name': 'Kondotty Bros.'}, {'id': 27698739, 'event_total': 42, 'player_name': 'Sam Radhakrishnan', 'rank': 18, 'last_rank': 19, 'rank_sort': 18, 'total': 830, 'entry': 4452170, 'entry_name': 'Childish Firmino'}, {'id': 30293794, 'event_total': 30, 'player_name': 'Aravind Krishnan', 'rank': 19, 'last_rank': 18, 'rank_sort': 19, 'total': 825, 'entry': 4804247, 'entry_name': 'Warrrr'}, {'id': 28967597, 'event_total': 36, 'player_name': 'Sai Chaithanya', 'rank': 20, 'last_rank': 20, 'rank_sort': 20, 'total': 745, 'entry': 4622834, 'entry_name': 'The Imparables'}]}}
2021-01-29 19:24:25,449 	 [INFO | coreUtils.py:200] >  ! Error onboarding new league 854530 to fpldb
2021-01-29 19:24:25,449 	 [INFO | coreUtils.py:202] >  ! Error collecting new league 854530 data from fpldb
2021-01-29 19:24:25,449 	 [ERROR | dashboardRequestHandler.py:27] > [EXCEPTION] While trying to respond to query /api/CLASSICLEAGUE/854530
Traceback (most recent call last):
  File "D:\Sherine Davis\Code\PycharmProjects\FPLDasherboard\fpldb\dashboardService\handlers\dashboardRequestHandler.py", line 22, in get
    response = self.calculateLiveStandingsForLeague()
  File "D:\Sherine Davis\Code\PycharmProjects\FPLDasherboard\fpldb\dashboardService\handlers\dashboardRequestHandler.py", line 268, in calculateLiveStandingsForLeague
    currentStandings = self.getClassicLeagueStandings()
  File "D:\Sherine Davis\Code\PycharmProjects\FPLDasherboard\fpldb\dashboardService\handlers\dashboardRequestHandler.py", line 209, in getClassicLeagueStandings
    for entry in basicInfo['standings']['results']:
TypeError: 'NoneType' object is not subscriptable
2021-01-29 19:24:47,149 	 [INFO | officialFPLApi.py:113] > Collecting bootstrap static data
2021-01-29 19:24:47,149 	 [INFO | officialFPLApi.py:118] > Request for bootstrap static data : https://fantasy.premierleague.com/api/bootstrap-static/
2021-01-29 19:24:50,659 	 [INFO | service.py:18] > Dashboard service listening on http://localhost:8086
2021-01-29 19:26:19,287 	 [INFO | dashboardRequestHandler.py:18] > [INCOMING] Request at /api/CLASSICLEAGUE/854530 
2021-01-29 19:26:22,779 	 [INFO | officialFPLApi.py:91] > Collecting event status
2021-01-29 19:26:22,779 	 [INFO | officialFPLApi.py:96] > Request for event status : https://fantasy.premierleague.com/api/event-status/
2021-01-29 19:26:40,709 	 [INFO | officialFPLApi.py:156] > Collecting classic league standings for 854530
2021-01-29 19:26:40,709 	 [INFO | officialFPLApi.py:161] > Request for classic league standings : https://fantasy.premierleague.com/api/leagues-classic/854530/standings/
2021-01-29 19:26:41,545 	 [INFO | officialFPLApi.py:165] > Collected response for classic league standings : {'league': {'id': 854530, 'name': 'Justice league :D', 'created': '2020-09-09T15:45:20.296151Z', 'closed': False, 'max_entries': None, 'league_type': 'x', 'scoring': 'c', 'admin_entry': 3753381, 'start_event': 1, 'code_privacy': 'p', 'has_cup': False, 'cup_league': None, 'rank': None}, 'new_entries': {'has_next': False, 'page': 1, 'results': []}, 'standings': {'has_next': False, 'page': 1, 'results': [{'id': 22698054, 'event_total': 54, 'player_name': 'Rohit Roy', 'rank': 1, 'last_rank': 1, 'rank_sort': 1, 'total': 1254, 'entry': 2599752, 'entry_name': "Shambu's kids"}, {'id': 22698056, 'event_total': 47, 'player_name': 'Nitin Krishna', 'rank': 2, 'last_rank': 2, 'rank_sort': 2, 'total': 1232, 'entry': 799765, 'entry_name': 'NiñeXI'}, {'id': 31547344, 'event_total': 42, 'player_name': 'Sherine Davis', 'rank': 3, 'last_rank': 3, 'rank_sort': 3, 'total': 1203, 'entry': 4979783, 'entry_name': 'Da Sher'}, {'id': 22698058, 'event_total': 41, 'player_name': 'Ajish Philip', 'rank': 4, 'last_rank': 4, 'rank_sort': 4, 'total': 1189, 'entry': 2925830, 'entry_name': 'MFC'}, {'id': 22698059, 'event_total': 41, 'player_name': 'Sanjo Jain', 'rank': 5, 'last_rank': 5, 'rank_sort': 5, 'total': 1188, 'entry': 489665, 'entry_name': 'KappaFishcurryXI'}, {'id': 29649115, 'event_total': 70, 'player_name': 'Aryabhatt M R', 'rank': 6, 'last_rank': 7, 'rank_sort': 6, 'total': 1182, 'entry': 4710397, 'entry_name': 'ole ole ole'}, {'id': 22698050, 'event_total': 42, 'player_name': 'Janardhan Kammath', 'rank': 7, 'last_rank': 6, 'rank_sort': 7, 'total': 1167, 'entry': 3753381, 'entry_name': 'Kallummakkais'}, {'id': 35959276, 'event_total': 50, 'player_name': 'Sreeraj Janardhanan', 'rank': 8, 'last_rank': 8, 'rank_sort': 8, 'total': 1155, 'entry': 5572779, 'entry_name': 'Purge'}, {'id': 22698061, 'event_total': 68, 'player_name': 'Vijay Ganapathy Girish', 'rank': 9, 'last_rank': 10, 'rank_sort': 9, 'total': 1154, 'entry': 427885, 'entry_name': "Vijayettan's XI"}, {'id': 23262481, 'event_total': 30, 'player_name': 'Vishnu Prabhakar', 'rank': 10, 'last_rank': 9, 'rank_sort': 10, 'total': 1125, 'entry': 3831449, 'entry_name': 'Lord8ar2omeuFC'}, {'id': 22839657, 'event_total': 47, 'player_name': 'Ramakrishnan Natarajan', 'rank': 11, 'last_rank': 11, 'rank_sort': 11, 'total': 1111, 'entry': 3165748, 'entry_name': 'Gilphonsi Malpova'}, {'id': 22732254, 'event_total': 44, 'player_name': 'Jeremy Elengical', 'rank': 12, 'last_rank': 12, 'rank_sort': 12, 'total': 1091, 'entry': 3758444, 'entry_name': 'Crystal Phallus'}, {'id': 22698053, 'event_total': 27, 'player_name': 'Shivaraj Jayakumar', 'rank': 13, 'last_rank': 13, 'rank_sort': 13, 'total': 1024, 'entry': 468623, 'entry_name': 'Überdogs'}, {'id': 22698052, 'event_total': 35, 'player_name': 'satrujit mohanty', 'rank': 14, 'last_rank': 14, 'rank_sort': 14, 'total': 1017, 'entry': 1664036, 'entry_name': 'OnlyTillNovember FC'}, {'id': 29512318, 'event_total': 33, 'player_name': 'Vishnu Balakrishnan', 'rank': 15, 'last_rank': 15, 'rank_sort': 15, 'total': 918, 'entry': 4693999, 'entry_name': 'Gilphonsi Malpova'}, {'id': 35492143, 'event_total': 25, 'player_name': 'Anwin P S', 'rank': 16, 'last_rank': 16, 'rank_sort': 16, 'total': 910, 'entry': 5510973, 'entry_name': 'an_archist'}, {'id': 31905386, 'event_total': 56, 'player_name': 'Shahabas Shamsad', 'rank': 17, 'last_rank': 17, 'rank_sort': 17, 'total': 891, 'entry': 5032016, 'entry_name': 'Kondotty Bros.'}, {'id': 27698739, 'event_total': 42, 'player_name': 'Sam Radhakrishnan', 'rank': 18, 'last_rank': 19, 'rank_sort': 18, 'total': 830, 'entry': 4452170, 'entry_name': 'Childish Firmino'}, {'id': 30293794, 'event_total': 30, 'player_name': 'Aravind Krishnan', 'rank': 19, 'last_rank': 18, 'rank_sort': 19, 'total': 825, 'entry': 4804247, 'entry_name': 'Warrrr'}, {'id': 28967597, 'event_total': 36, 'player_name': 'Sai Chaithanya', 'rank': 20, 'last_rank': 20, 'rank_sort': 20, 'total': 745, 'entry': 4622834, 'entry_name': 'The Imparables'}]}}
2021-01-29 19:42:01,365 	 [INFO | officialFPLApi.py:113] > Collecting bootstrap static data
2021-01-29 19:42:01,365 	 [INFO | officialFPLApi.py:118] > Request for bootstrap static data : https://fantasy.premierleague.com/api/bootstrap-static/
2021-01-29 19:42:03,836 	 [INFO | service.py:18] > Dashboard service listening on http://localhost:8086
2021-01-29 19:42:04,310 	 [INFO | dashboardRequestHandler.py:18] > [INCOMING] Request at /api/CLASSICLEAGUE/854530 
2021-01-29 19:42:17,554 	 [INFO | officialFPLApi.py:91] > Collecting event status
2021-01-29 19:42:17,554 	 [INFO | officialFPLApi.py:96] > Request for event status : https://fantasy.premierleague.com/api/event-status/
2021-01-29 19:43:04,245 	 [INFO | officialFPLApi.py:156] > Collecting classic league standings for 854530
2021-01-29 19:43:04,246 	 [INFO | officialFPLApi.py:161] > Request for classic league standings : https://fantasy.premierleague.com/api/leagues-classic/854530/standings/
2021-01-29 19:43:08,729 	 [INFO | officialFPLApi.py:165] > Collected response for classic league standings : {'league': {'id': 854530, 'name': 'Justice league :D', 'created': '2020-09-09T15:45:20.296151Z', 'closed': False, 'max_entries': None, 'league_type': 'x', 'scoring': 'c', 'admin_entry': 3753381, 'start_event': 1, 'code_privacy': 'p', 'has_cup': False, 'cup_league': None, 'rank': None}, 'new_entries': {'has_next': False, 'page': 1, 'results': []}, 'standings': {'has_next': False, 'page': 1, 'results': [{'id': 22698054, 'event_total': 54, 'player_name': 'Rohit Roy', 'rank': 1, 'last_rank': 1, 'rank_sort': 1, 'total': 1254, 'entry': 2599752, 'entry_name': "Shambu's kids"}, {'id': 22698056, 'event_total': 47, 'player_name': 'Nitin Krishna', 'rank': 2, 'last_rank': 2, 'rank_sort': 2, 'total': 1232, 'entry': 799765, 'entry_name': 'NiñeXI'}, {'id': 31547344, 'event_total': 42, 'player_name': 'Sherine Davis', 'rank': 3, 'last_rank': 3, 'rank_sort': 3, 'total': 1203, 'entry': 4979783, 'entry_name': 'Da Sher'}, {'id': 22698058, 'event_total': 41, 'player_name': 'Ajish Philip', 'rank': 4, 'last_rank': 4, 'rank_sort': 4, 'total': 1189, 'entry': 2925830, 'entry_name': 'MFC'}, {'id': 22698059, 'event_total': 41, 'player_name': 'Sanjo Jain', 'rank': 5, 'last_rank': 5, 'rank_sort': 5, 'total': 1188, 'entry': 489665, 'entry_name': 'KappaFishcurryXI'}, {'id': 29649115, 'event_total': 70, 'player_name': 'Aryabhatt M R', 'rank': 6, 'last_rank': 7, 'rank_sort': 6, 'total': 1182, 'entry': 4710397, 'entry_name': 'ole ole ole'}, {'id': 22698050, 'event_total': 42, 'player_name': 'Janardhan Kammath', 'rank': 7, 'last_rank': 6, 'rank_sort': 7, 'total': 1167, 'entry': 3753381, 'entry_name': 'Kallummakkais'}, {'id': 35959276, 'event_total': 50, 'player_name': 'Sreeraj Janardhanan', 'rank': 8, 'last_rank': 8, 'rank_sort': 8, 'total': 1155, 'entry': 5572779, 'entry_name': 'Purge'}, {'id': 22698061, 'event_total': 68, 'player_name': 'Vijay Ganapathy Girish', 'rank': 9, 'last_rank': 10, 'rank_sort': 9, 'total': 1154, 'entry': 427885, 'entry_name': "Vijayettan's XI"}, {'id': 23262481, 'event_total': 30, 'player_name': 'Vishnu Prabhakar', 'rank': 10, 'last_rank': 9, 'rank_sort': 10, 'total': 1125, 'entry': 3831449, 'entry_name': 'Lord8ar2omeuFC'}, {'id': 22839657, 'event_total': 47, 'player_name': 'Ramakrishnan Natarajan', 'rank': 11, 'last_rank': 11, 'rank_sort': 11, 'total': 1111, 'entry': 3165748, 'entry_name': 'Gilphonsi Malpova'}, {'id': 22732254, 'event_total': 44, 'player_name': 'Jeremy Elengical', 'rank': 12, 'last_rank': 12, 'rank_sort': 12, 'total': 1091, 'entry': 3758444, 'entry_name': 'Crystal Phallus'}, {'id': 22698053, 'event_total': 27, 'player_name': 'Shivaraj Jayakumar', 'rank': 13, 'last_rank': 13, 'rank_sort': 13, 'total': 1024, 'entry': 468623, 'entry_name': 'Überdogs'}, {'id': 22698052, 'event_total': 35, 'player_name': 'satrujit mohanty', 'rank': 14, 'last_rank': 14, 'rank_sort': 14, 'total': 1017, 'entry': 1664036, 'entry_name': 'OnlyTillNovember FC'}, {'id': 29512318, 'event_total': 33, 'player_name': 'Vishnu Balakrishnan', 'rank': 15, 'last_rank': 15, 'rank_sort': 15, 'total': 918, 'entry': 4693999, 'entry_name': 'Gilphonsi Malpova'}, {'id': 35492143, 'event_total': 25, 'player_name': 'Anwin P S', 'rank': 16, 'last_rank': 16, 'rank_sort': 16, 'total': 910, 'entry': 5510973, 'entry_name': 'an_archist'}, {'id': 31905386, 'event_total': 56, 'player_name': 'Shahabas Shamsad', 'rank': 17, 'last_rank': 17, 'rank_sort': 17, 'total': 891, 'entry': 5032016, 'entry_name': 'Kondotty Bros.'}, {'id': 27698739, 'event_total': 42, 'player_name': 'Sam Radhakrishnan', 'rank': 18, 'last_rank': 19, 'rank_sort': 18, 'total': 830, 'entry': 4452170, 'entry_name': 'Childish Firmino'}, {'id': 30293794, 'event_total': 30, 'player_name': 'Aravind Krishnan', 'rank': 19, 'last_rank': 18, 'rank_sort': 19, 'total': 825, 'entry': 4804247, 'entry_name': 'Warrrr'}, {'id': 28967597, 'event_total': 36, 'player_name': 'Sai Chaithanya', 'rank': 20, 'last_rank': 20, 'rank_sort': 20, 'total': 745, 'entry': 4622834, 'entry_name': 'The Imparables'}]}}
2021-01-29 19:43:08,729 	 [INFO | coreUtils.py:210] >  ! Error onboarding new league 854530 to fpldb
2021-01-29 19:43:08,729 	 [INFO | coreUtils.py:212] >  ! Error collecting new league 854530 data from fpldb
2021-01-29 19:43:36,901 	 [ERROR | dashboardRequestHandler.py:27] > [EXCEPTION] While trying to respond to query /api/CLASSICLEAGUE/854530
Traceback (most recent call last):
  File "D:\Sherine Davis\Code\PycharmProjects\FPLDasherboard\fpldb\dashboardService\handlers\dashboardRequestHandler.py", line 22, in get
    response = self.calculateLiveStandingsForLeague()
  File "D:\Sherine Davis\Code\PycharmProjects\FPLDasherboard\fpldb\dashboardService\handlers\dashboardRequestHandler.py", line 268, in calculateLiveStandingsForLeague
    currentStandings = self.getClassicLeagueStandings()
  File "D:\Sherine Davis\Code\PycharmProjects\FPLDasherboard\fpldb\dashboardService\handlers\dashboardRequestHandler.py", line 209, in getClassicLeagueStandings
    for entry in basicInfo['standings']['results']:
TypeError: 'NoneType' object is not subscriptable
2021-01-29 19:43:43,016 	 [INFO | dashboardRequestHandler.py:18] > [INCOMING] Request at /api/CLASSICLEAGUE/854530 
2021-01-29 19:43:47,601 	 [INFO | officialFPLApi.py:91] > Collecting event status
2021-01-29 19:43:47,602 	 [INFO | officialFPLApi.py:96] > Request for event status : https://fantasy.premierleague.com/api/event-status/
2021-01-29 19:43:50,984 	 [INFO | officialFPLApi.py:156] > Collecting classic league standings for 854530
2021-01-29 19:43:50,985 	 [INFO | officialFPLApi.py:161] > Request for classic league standings : https://fantasy.premierleague.com/api/leagues-classic/854530/standings/
2021-01-29 19:43:51,601 	 [INFO | officialFPLApi.py:165] > Collected response for classic league standings : {'league': {'id': 854530, 'name': 'Justice league :D', 'created': '2020-09-09T15:45:20.296151Z', 'closed': False, 'max_entries': None, 'league_type': 'x', 'scoring': 'c', 'admin_entry': 3753381, 'start_event': 1, 'code_privacy': 'p', 'has_cup': False, 'cup_league': None, 'rank': None}, 'new_entries': {'has_next': False, 'page': 1, 'results': []}, 'standings': {'has_next': False, 'page': 1, 'results': [{'id': 22698054, 'event_total': 54, 'player_name': 'Rohit Roy', 'rank': 1, 'last_rank': 1, 'rank_sort': 1, 'total': 1254, 'entry': 2599752, 'entry_name': "Shambu's kids"}, {'id': 22698056, 'event_total': 47, 'player_name': 'Nitin Krishna', 'rank': 2, 'last_rank': 2, 'rank_sort': 2, 'total': 1232, 'entry': 799765, 'entry_name': 'NiñeXI'}, {'id': 31547344, 'event_total': 42, 'player_name': 'Sherine Davis', 'rank': 3, 'last_rank': 3, 'rank_sort': 3, 'total': 1203, 'entry': 4979783, 'entry_name': 'Da Sher'}, {'id': 22698058, 'event_total': 41, 'player_name': 'Ajish Philip', 'rank': 4, 'last_rank': 4, 'rank_sort': 4, 'total': 1189, 'entry': 2925830, 'entry_name': 'MFC'}, {'id': 22698059, 'event_total': 41, 'player_name': 'Sanjo Jain', 'rank': 5, 'last_rank': 5, 'rank_sort': 5, 'total': 1188, 'entry': 489665, 'entry_name': 'KappaFishcurryXI'}, {'id': 29649115, 'event_total': 70, 'player_name': 'Aryabhatt M R', 'rank': 6, 'last_rank': 7, 'rank_sort': 6, 'total': 1182, 'entry': 4710397, 'entry_name': 'ole ole ole'}, {'id': 22698050, 'event_total': 42, 'player_name': 'Janardhan Kammath', 'rank': 7, 'last_rank': 6, 'rank_sort': 7, 'total': 1167, 'entry': 3753381, 'entry_name': 'Kallummakkais'}, {'id': 35959276, 'event_total': 50, 'player_name': 'Sreeraj Janardhanan', 'rank': 8, 'last_rank': 8, 'rank_sort': 8, 'total': 1155, 'entry': 5572779, 'entry_name': 'Purge'}, {'id': 22698061, 'event_total': 68, 'player_name': 'Vijay Ganapathy Girish', 'rank': 9, 'last_rank': 10, 'rank_sort': 9, 'total': 1154, 'entry': 427885, 'entry_name': "Vijayettan's XI"}, {'id': 23262481, 'event_total': 30, 'player_name': 'Vishnu Prabhakar', 'rank': 10, 'last_rank': 9, 'rank_sort': 10, 'total': 1125, 'entry': 3831449, 'entry_name': 'Lord8ar2omeuFC'}, {'id': 22839657, 'event_total': 47, 'player_name': 'Ramakrishnan Natarajan', 'rank': 11, 'last_rank': 11, 'rank_sort': 11, 'total': 1111, 'entry': 3165748, 'entry_name': 'Gilphonsi Malpova'}, {'id': 22732254, 'event_total': 44, 'player_name': 'Jeremy Elengical', 'rank': 12, 'last_rank': 12, 'rank_sort': 12, 'total': 1091, 'entry': 3758444, 'entry_name': 'Crystal Phallus'}, {'id': 22698053, 'event_total': 27, 'player_name': 'Shivaraj Jayakumar', 'rank': 13, 'last_rank': 13, 'rank_sort': 13, 'total': 1024, 'entry': 468623, 'entry_name': 'Überdogs'}, {'id': 22698052, 'event_total': 35, 'player_name': 'satrujit mohanty', 'rank': 14, 'last_rank': 14, 'rank_sort': 14, 'total': 1017, 'entry': 1664036, 'entry_name': 'OnlyTillNovember FC'}, {'id': 29512318, 'event_total': 33, 'player_name': 'Vishnu Balakrishnan', 'rank': 15, 'last_rank': 15, 'rank_sort': 15, 'total': 918, 'entry': 4693999, 'entry_name': 'Gilphonsi Malpova'}, {'id': 35492143, 'event_total': 25, 'player_name': 'Anwin P S', 'rank': 16, 'last_rank': 16, 'rank_sort': 16, 'total': 910, 'entry': 5510973, 'entry_name': 'an_archist'}, {'id': 31905386, 'event_total': 56, 'player_name': 'Shahabas Shamsad', 'rank': 17, 'last_rank': 17, 'rank_sort': 17, 'total': 891, 'entry': 5032016, 'entry_name': 'Kondotty Bros.'}, {'id': 27698739, 'event_total': 42, 'player_name': 'Sam Radhakrishnan', 'rank': 18, 'last_rank': 19, 'rank_sort': 18, 'total': 830, 'entry': 4452170, 'entry_name': 'Childish Firmino'}, {'id': 30293794, 'event_total': 30, 'player_name': 'Aravind Krishnan', 'rank': 19, 'last_rank': 18, 'rank_sort': 19, 'total': 825, 'entry': 4804247, 'entry_name': 'Warrrr'}, {'id': 28967597, 'event_total': 36, 'player_name': 'Sai Chaithanya', 'rank': 20, 'last_rank': 20, 'rank_sort': 20, 'total': 745, 'entry': 4622834, 'entry_name': 'The Imparables'}]}}
2021-01-29 19:44:07,839 	 [INFO | officialFPLApi.py:113] > Collecting bootstrap static data
2021-01-29 19:44:07,840 	 [INFO | officialFPLApi.py:118] > Request for bootstrap static data : https://fantasy.premierleague.com/api/bootstrap-static/
2021-01-29 19:44:13,893 	 [INFO | service.py:18] > Dashboard service listening on http://localhost:8086
2021-01-29 19:45:04,187 	 [INFO | dashboardRequestHandler.py:18] > [INCOMING] Request at /api/CLASSICLEAGUE/854530 
2021-01-29 19:45:04,187 	 [INFO | officialFPLApi.py:91] > Collecting event status
2021-01-29 19:45:04,187 	 [INFO | officialFPLApi.py:96] > Request for event status : https://fantasy.premierleague.com/api/event-status/
2021-01-29 19:45:20,056 	 [INFO | officialFPLApi.py:156] > Collecting classic league standings for 854530
2021-01-29 19:45:20,056 	 [INFO | officialFPLApi.py:161] > Request for classic league standings : https://fantasy.premierleague.com/api/leagues-classic/854530/standings/
2021-01-29 19:45:30,201 	 [INFO | officialFPLApi.py:165] > Collected response for classic league standings : {'league': {'id': 854530, 'name': 'Justice league :D', 'created': '2020-09-09T15:45:20.296151Z', 'closed': False, 'max_entries': None, 'league_type': 'x', 'scoring': 'c', 'admin_entry': 3753381, 'start_event': 1, 'code_privacy': 'p', 'has_cup': False, 'cup_league': None, 'rank': None}, 'new_entries': {'has_next': False, 'page': 1, 'results': []}, 'standings': {'has_next': False, 'page': 1, 'results': [{'id': 22698054, 'event_total': 54, 'player_name': 'Rohit Roy', 'rank': 1, 'last_rank': 1, 'rank_sort': 1, 'total': 1254, 'entry': 2599752, 'entry_name': "Shambu's kids"}, {'id': 22698056, 'event_total': 47, 'player_name': 'Nitin Krishna', 'rank': 2, 'last_rank': 2, 'rank_sort': 2, 'total': 1232, 'entry': 799765, 'entry_name': 'NiñeXI'}, {'id': 31547344, 'event_total': 42, 'player_name': 'Sherine Davis', 'rank': 3, 'last_rank': 3, 'rank_sort': 3, 'total': 1203, 'entry': 4979783, 'entry_name': 'Da Sher'}, {'id': 22698058, 'event_total': 41, 'player_name': 'Ajish Philip', 'rank': 4, 'last_rank': 4, 'rank_sort': 4, 'total': 1189, 'entry': 2925830, 'entry_name': 'MFC'}, {'id': 22698059, 'event_total': 41, 'player_name': 'Sanjo Jain', 'rank': 5, 'last_rank': 5, 'rank_sort': 5, 'total': 1188, 'entry': 489665, 'entry_name': 'KappaFishcurryXI'}, {'id': 29649115, 'event_total': 70, 'player_name': 'Aryabhatt M R', 'rank': 6, 'last_rank': 7, 'rank_sort': 6, 'total': 1182, 'entry': 4710397, 'entry_name': 'ole ole ole'}, {'id': 22698050, 'event_total': 42, 'player_name': 'Janardhan Kammath', 'rank': 7, 'last_rank': 6, 'rank_sort': 7, 'total': 1167, 'entry': 3753381, 'entry_name': 'Kallummakkais'}, {'id': 35959276, 'event_total': 50, 'player_name': 'Sreeraj Janardhanan', 'rank': 8, 'last_rank': 8, 'rank_sort': 8, 'total': 1155, 'entry': 5572779, 'entry_name': 'Purge'}, {'id': 22698061, 'event_total': 68, 'player_name': 'Vijay Ganapathy Girish', 'rank': 9, 'last_rank': 10, 'rank_sort': 9, 'total': 1154, 'entry': 427885, 'entry_name': "Vijayettan's XI"}, {'id': 23262481, 'event_total': 30, 'player_name': 'Vishnu Prabhakar', 'rank': 10, 'last_rank': 9, 'rank_sort': 10, 'total': 1125, 'entry': 3831449, 'entry_name': 'Lord8ar2omeuFC'}, {'id': 22839657, 'event_total': 47, 'player_name': 'Ramakrishnan Natarajan', 'rank': 11, 'last_rank': 11, 'rank_sort': 11, 'total': 1111, 'entry': 3165748, 'entry_name': 'Gilphonsi Malpova'}, {'id': 22732254, 'event_total': 44, 'player_name': 'Jeremy Elengical', 'rank': 12, 'last_rank': 12, 'rank_sort': 12, 'total': 1091, 'entry': 3758444, 'entry_name': 'Crystal Phallus'}, {'id': 22698053, 'event_total': 27, 'player_name': 'Shivaraj Jayakumar', 'rank': 13, 'last_rank': 13, 'rank_sort': 13, 'total': 1024, 'entry': 468623, 'entry_name': 'Überdogs'}, {'id': 22698052, 'event_total': 35, 'player_name': 'satrujit mohanty', 'rank': 14, 'last_rank': 14, 'rank_sort': 14, 'total': 1017, 'entry': 1664036, 'entry_name': 'OnlyTillNovember FC'}, {'id': 29512318, 'event_total': 33, 'player_name': 'Vishnu Balakrishnan', 'rank': 15, 'last_rank': 15, 'rank_sort': 15, 'total': 918, 'entry': 4693999, 'entry_name': 'Gilphonsi Malpova'}, {'id': 35492143, 'event_total': 25, 'player_name': 'Anwin P S', 'rank': 16, 'last_rank': 16, 'rank_sort': 16, 'total': 910, 'entry': 5510973, 'entry_name': 'an_archist'}, {'id': 31905386, 'event_total': 56, 'player_name': 'Shahabas Shamsad', 'rank': 17, 'last_rank': 17, 'rank_sort': 17, 'total': 891, 'entry': 5032016, 'entry_name': 'Kondotty Bros.'}, {'id': 27698739, 'event_total': 42, 'player_name': 'Sam Radhakrishnan', 'rank': 18, 'last_rank': 19, 'rank_sort': 18, 'total': 830, 'entry': 4452170, 'entry_name': 'Childish Firmino'}, {'id': 30293794, 'event_total': 30, 'player_name': 'Aravind Krishnan', 'rank': 19, 'last_rank': 18, 'rank_sort': 19, 'total': 825, 'entry': 4804247, 'entry_name': 'Warrrr'}, {'id': 28967597, 'event_total': 36, 'player_name': 'Sai Chaithanya', 'rank': 20, 'last_rank': 20, 'rank_sort': 20, 'total': 745, 'entry': 4622834, 'entry_name': 'The Imparables'}]}}
2021-01-29 19:45:39,091 	 [INFO | officialFPLApi.py:91] > Collecting event status
2021-01-29 19:45:39,094 	 [INFO | officialFPLApi.py:96] > Request for event status : https://fantasy.premierleague.com/api/event-status/
2021-01-29 19:46:27,748 	 [INFO | coreUtils.py:210] >  ! Error onboarding new league 854530 to fpldb
2021-01-29 19:46:27,748 	 [INFO | coreUtils.py:212] >  ! Error collecting new league 854530 data from fpldb
2021-01-29 19:47:04,624 	 [ERROR | dashboardRequestHandler.py:27] > [EXCEPTION] While trying to respond to query /api/CLASSICLEAGUE/854530
Traceback (most recent call last):
  File "D:\Sherine Davis\Code\PycharmProjects\FPLDasherboard\fpldb\dashboardService\handlers\dashboardRequestHandler.py", line 22, in get
    response = self.calculateLiveStandingsForLeague()
  File "D:\Sherine Davis\Code\PycharmProjects\FPLDasherboard\fpldb\dashboardService\handlers\dashboardRequestHandler.py", line 268, in calculateLiveStandingsForLeague
    currentStandings = self.getClassicLeagueStandings()
  File "D:\Sherine Davis\Code\PycharmProjects\FPLDasherboard\fpldb\dashboardService\handlers\dashboardRequestHandler.py", line 209, in getClassicLeagueStandings
    for entry in basicInfo['standings']['results']:
TypeError: 'NoneType' object is not subscriptable
2021-01-29 19:47:13,993 	 [INFO | dashboardRequestHandler.py:18] > [INCOMING] Request at /api/CLASSICLEAGUE/854530 
2021-01-29 19:47:13,993 	 [INFO | officialFPLApi.py:91] > Collecting event status
2021-01-29 19:47:13,993 	 [INFO | officialFPLApi.py:96] > Request for event status : https://fantasy.premierleague.com/api/event-status/
2021-01-29 19:47:25,448 	 [ERROR | dashboardRequestHandler.py:27] > [EXCEPTION] While trying to respond to query /api/CLASSICLEAGUE/854530
Traceback (most recent call last):
  File "C:\Users\sheri\AppData\Local\Programs\Python\Python39\lib\site-packages\urllib3\connection.py", line 169, in _new_conn
    conn = connection.create_connection(
  File "C:\Users\sheri\AppData\Local\Programs\Python\Python39\lib\site-packages\urllib3\util\connection.py", line 73, in create_connection
    for res in socket.getaddrinfo(host, port, family, socket.SOCK_STREAM):
  File "C:\Users\sheri\AppData\Local\Programs\Python\Python39\lib\socket.py", line 953, in getaddrinfo
    for res in _socket.getaddrinfo(host, port, family, type, proto, flags):
socket.gaierror: [Errno 11001] getaddrinfo failed

During handling of the above exception, another exception occurred:

Traceback (most recent call last):
  File "C:\Users\sheri\AppData\Local\Programs\Python\Python39\lib\site-packages\urllib3\connectionpool.py", line 699, in urlopen
    httplib_response = self._make_request(
  File "C:\Users\sheri\AppData\Local\Programs\Python\Python39\lib\site-packages\urllib3\connectionpool.py", line 382, in _make_request
    self._validate_conn(conn)
  File "C:\Users\sheri\AppData\Local\Programs\Python\Python39\lib\site-packages\urllib3\connectionpool.py", line 1010, in _validate_conn
    conn.connect()
  File "C:\Users\sheri\AppData\Local\Programs\Python\Python39\lib\site-packages\urllib3\connection.py", line 353, in connect
    conn = self._new_conn()
  File "C:\Users\sheri\AppData\Local\Programs\Python\Python39\lib\site-packages\urllib3\connection.py", line 181, in _new_conn
    raise NewConnectionError(
urllib3.exceptions.NewConnectionError: <urllib3.connection.HTTPSConnection object at 0x000001FC8B145A90>: Failed to establish a new connection: [Errno 11001] getaddrinfo failed

During handling of the above exception, another exception occurred:

Traceback (most recent call last):
  File "C:\Users\sheri\AppData\Local\Programs\Python\Python39\lib\site-packages\requests\adapters.py", line 439, in send
    resp = conn.urlopen(
  File "C:\Users\sheri\AppData\Local\Programs\Python\Python39\lib\site-packages\urllib3\connectionpool.py", line 755, in urlopen
    retries = retries.increment(
  File "C:\Users\sheri\AppData\Local\Programs\Python\Python39\lib\site-packages\urllib3\util\retry.py", line 573, in increment
    raise MaxRetryError(_pool, url, error or ResponseError(cause))
urllib3.exceptions.MaxRetryError: HTTPSConnectionPool(host='fantasy.premierleague.com', port=443): Max retries exceeded with url: /api/event-status/ (Caused by NewConnectionError('<urllib3.connection.HTTPSConnection object at 0x000001FC8B145A90>: Failed to establish a new connection: [Errno 11001] getaddrinfo failed'))

During handling of the above exception, another exception occurred:

Traceback (most recent call last):
  File "D:\Sherine Davis\Code\PycharmProjects\FPLDasherboard\fpldb\dashboardService\handlers\dashboardRequestHandler.py", line 22, in get
    response = self.calculateLiveStandingsForLeague()
  File "D:\Sherine Davis\Code\PycharmProjects\FPLDasherboard\fpldb\dashboardService\handlers\dashboardRequestHandler.py", line 267, in calculateLiveStandingsForLeague
    eventStatus = self.fplApi.getEventStatus()
  File "D:\Sherine Davis\Code\PycharmProjects\FPLDasherboard\fpldb\api\officialFPL\officialFPLApi.py", line 98, in getEventStatus
    r = requests.get(completedUrl)
  File "C:\Users\sheri\AppData\Local\Programs\Python\Python39\lib\site-packages\requests\api.py", line 76, in get
    return request('get', url, params=params, **kwargs)
  File "C:\Users\sheri\AppData\Local\Programs\Python\Python39\lib\site-packages\requests\api.py", line 61, in request
    return session.request(method=method, url=url, **kwargs)
  File "C:\Users\sheri\AppData\Local\Programs\Python\Python39\lib\site-packages\requests\sessions.py", line 542, in request
    resp = self.send(prep, **send_kwargs)
  File "C:\Users\sheri\AppData\Local\Programs\Python\Python39\lib\site-packages\requests\sessions.py", line 655, in send
    r = adapter.send(request, **kwargs)
  File "C:\Users\sheri\AppData\Local\Programs\Python\Python39\lib\site-packages\requests\adapters.py", line 516, in send
    raise ConnectionError(e, request=request)
requests.exceptions.ConnectionError: HTTPSConnectionPool(host='fantasy.premierleague.com', port=443): Max retries exceeded with url: /api/event-status/ (Caused by NewConnectionError('<urllib3.connection.HTTPSConnection object at 0x000001FC8B145A90>: Failed to establish a new connection: [Errno 11001] getaddrinfo failed'))
2021-01-29 19:48:23,097 	 [INFO | dashboardRequestHandler.py:18] > [INCOMING] Request at /api/CLASSICLEAGUE/854530 
2021-01-29 19:48:23,097 	 [INFO | officialFPLApi.py:91] > Collecting event status
2021-01-29 19:48:23,097 	 [INFO | officialFPLApi.py:96] > Request for event status : https://fantasy.premierleague.com/api/event-status/
2021-01-29 19:48:34,536 	 [ERROR | dashboardRequestHandler.py:27] > [EXCEPTION] While trying to respond to query /api/CLASSICLEAGUE/854530
Traceback (most recent call last):
  File "C:\Users\sheri\AppData\Local\Programs\Python\Python39\lib\site-packages\urllib3\connection.py", line 169, in _new_conn
    conn = connection.create_connection(
  File "C:\Users\sheri\AppData\Local\Programs\Python\Python39\lib\site-packages\urllib3\util\connection.py", line 73, in create_connection
    for res in socket.getaddrinfo(host, port, family, socket.SOCK_STREAM):
  File "C:\Users\sheri\AppData\Local\Programs\Python\Python39\lib\socket.py", line 953, in getaddrinfo
    for res in _socket.getaddrinfo(host, port, family, type, proto, flags):
socket.gaierror: [Errno 11001] getaddrinfo failed

During handling of the above exception, another exception occurred:

Traceback (most recent call last):
  File "C:\Users\sheri\AppData\Local\Programs\Python\Python39\lib\site-packages\urllib3\connectionpool.py", line 699, in urlopen
    httplib_response = self._make_request(
  File "C:\Users\sheri\AppData\Local\Programs\Python\Python39\lib\site-packages\urllib3\connectionpool.py", line 382, in _make_request
    self._validate_conn(conn)
  File "C:\Users\sheri\AppData\Local\Programs\Python\Python39\lib\site-packages\urllib3\connectionpool.py", line 1010, in _validate_conn
    conn.connect()
  File "C:\Users\sheri\AppData\Local\Programs\Python\Python39\lib\site-packages\urllib3\connection.py", line 353, in connect
    conn = self._new_conn()
  File "C:\Users\sheri\AppData\Local\Programs\Python\Python39\lib\site-packages\urllib3\connection.py", line 181, in _new_conn
    raise NewConnectionError(
urllib3.exceptions.NewConnectionError: <urllib3.connection.HTTPSConnection object at 0x000001FC8B145FD0>: Failed to establish a new connection: [Errno 11001] getaddrinfo failed

During handling of the above exception, another exception occurred:

Traceback (most recent call last):
  File "C:\Users\sheri\AppData\Local\Programs\Python\Python39\lib\site-packages\requests\adapters.py", line 439, in send
    resp = conn.urlopen(
  File "C:\Users\sheri\AppData\Local\Programs\Python\Python39\lib\site-packages\urllib3\connectionpool.py", line 755, in urlopen
    retries = retries.increment(
  File "C:\Users\sheri\AppData\Local\Programs\Python\Python39\lib\site-packages\urllib3\util\retry.py", line 573, in increment
    raise MaxRetryError(_pool, url, error or ResponseError(cause))
urllib3.exceptions.MaxRetryError: HTTPSConnectionPool(host='fantasy.premierleague.com', port=443): Max retries exceeded with url: /api/event-status/ (Caused by NewConnectionError('<urllib3.connection.HTTPSConnection object at 0x000001FC8B145FD0>: Failed to establish a new connection: [Errno 11001] getaddrinfo failed'))

During handling of the above exception, another exception occurred:

Traceback (most recent call last):
  File "D:\Sherine Davis\Code\PycharmProjects\FPLDasherboard\fpldb\dashboardService\handlers\dashboardRequestHandler.py", line 22, in get
    response = self.calculateLiveStandingsForLeague()
  File "D:\Sherine Davis\Code\PycharmProjects\FPLDasherboard\fpldb\dashboardService\handlers\dashboardRequestHandler.py", line 267, in calculateLiveStandingsForLeague
    eventStatus = self.fplApi.getEventStatus()
  File "D:\Sherine Davis\Code\PycharmProjects\FPLDasherboard\fpldb\api\officialFPL\officialFPLApi.py", line 98, in getEventStatus
    r = requests.get(completedUrl)
  File "C:\Users\sheri\AppData\Local\Programs\Python\Python39\lib\site-packages\requests\api.py", line 76, in get
    return request('get', url, params=params, **kwargs)
  File "C:\Users\sheri\AppData\Local\Programs\Python\Python39\lib\site-packages\requests\api.py", line 61, in request
    return session.request(method=method, url=url, **kwargs)
  File "C:\Users\sheri\AppData\Local\Programs\Python\Python39\lib\site-packages\requests\sessions.py", line 542, in request
    resp = self.send(prep, **send_kwargs)
  File "C:\Users\sheri\AppData\Local\Programs\Python\Python39\lib\site-packages\requests\sessions.py", line 655, in send
    r = adapter.send(request, **kwargs)
  File "C:\Users\sheri\AppData\Local\Programs\Python\Python39\lib\site-packages\requests\adapters.py", line 516, in send
    raise ConnectionError(e, request=request)
requests.exceptions.ConnectionError: HTTPSConnectionPool(host='fantasy.premierleague.com', port=443): Max retries exceeded with url: /api/event-status/ (Caused by NewConnectionError('<urllib3.connection.HTTPSConnection object at 0x000001FC8B145FD0>: Failed to establish a new connection: [Errno 11001] getaddrinfo failed'))
2021-01-29 19:49:19,270 	 [INFO | officialFPLApi.py:113] > Collecting bootstrap static data
2021-01-29 19:49:19,270 	 [INFO | officialFPLApi.py:118] > Request for bootstrap static data : https://fantasy.premierleague.com/api/bootstrap-static/
2021-01-29 19:49:27,566 	 [INFO | service.py:18] > Dashboard service listening on http://localhost:8086
2021-01-29 19:49:31,940 	 [INFO | dashboardRequestHandler.py:18] > [INCOMING] Request at /api/CLASSICLEAGUE/854530 
2021-01-29 19:49:31,940 	 [INFO | officialFPLApi.py:91] > Collecting event status
2021-01-29 19:49:31,940 	 [INFO | officialFPLApi.py:96] > Request for event status : https://fantasy.premierleague.com/api/event-status/
2021-01-29 19:49:51,351 	 [INFO | officialFPLApi.py:156] > Collecting classic league standings for 854530
2021-01-29 19:49:51,351 	 [INFO | officialFPLApi.py:161] > Request for classic league standings : https://fantasy.premierleague.com/api/leagues-classic/854530/standings/
2021-01-29 19:49:53,144 	 [INFO | officialFPLApi.py:165] > Collected response for classic league standings : {'league': {'id': 854530, 'name': 'Justice league :D', 'created': '2020-09-09T15:45:20.296151Z', 'closed': False, 'max_entries': None, 'league_type': 'x', 'scoring': 'c', 'admin_entry': 3753381, 'start_event': 1, 'code_privacy': 'p', 'has_cup': False, 'cup_league': None, 'rank': None}, 'new_entries': {'has_next': False, 'page': 1, 'results': []}, 'standings': {'has_next': False, 'page': 1, 'results': [{'id': 22698054, 'event_total': 54, 'player_name': 'Rohit Roy', 'rank': 1, 'last_rank': 1, 'rank_sort': 1, 'total': 1254, 'entry': 2599752, 'entry_name': "Shambu's kids"}, {'id': 22698056, 'event_total': 47, 'player_name': 'Nitin Krishna', 'rank': 2, 'last_rank': 2, 'rank_sort': 2, 'total': 1232, 'entry': 799765, 'entry_name': 'NiñeXI'}, {'id': 31547344, 'event_total': 42, 'player_name': 'Sherine Davis', 'rank': 3, 'last_rank': 3, 'rank_sort': 3, 'total': 1203, 'entry': 4979783, 'entry_name': 'Da Sher'}, {'id': 22698058, 'event_total': 41, 'player_name': 'Ajish Philip', 'rank': 4, 'last_rank': 4, 'rank_sort': 4, 'total': 1189, 'entry': 2925830, 'entry_name': 'MFC'}, {'id': 22698059, 'event_total': 41, 'player_name': 'Sanjo Jain', 'rank': 5, 'last_rank': 5, 'rank_sort': 5, 'total': 1188, 'entry': 489665, 'entry_name': 'KappaFishcurryXI'}, {'id': 29649115, 'event_total': 70, 'player_name': 'Aryabhatt M R', 'rank': 6, 'last_rank': 7, 'rank_sort': 6, 'total': 1182, 'entry': 4710397, 'entry_name': 'ole ole ole'}, {'id': 22698050, 'event_total': 42, 'player_name': 'Janardhan Kammath', 'rank': 7, 'last_rank': 6, 'rank_sort': 7, 'total': 1167, 'entry': 3753381, 'entry_name': 'Kallummakkais'}, {'id': 35959276, 'event_total': 50, 'player_name': 'Sreeraj Janardhanan', 'rank': 8, 'last_rank': 8, 'rank_sort': 8, 'total': 1155, 'entry': 5572779, 'entry_name': 'Purge'}, {'id': 22698061, 'event_total': 68, 'player_name': 'Vijay Ganapathy Girish', 'rank': 9, 'last_rank': 10, 'rank_sort': 9, 'total': 1154, 'entry': 427885, 'entry_name': "Vijayettan's XI"}, {'id': 23262481, 'event_total': 30, 'player_name': 'Vishnu Prabhakar', 'rank': 10, 'last_rank': 9, 'rank_sort': 10, 'total': 1125, 'entry': 3831449, 'entry_name': 'Lord8ar2omeuFC'}, {'id': 22839657, 'event_total': 47, 'player_name': 'Ramakrishnan Natarajan', 'rank': 11, 'last_rank': 11, 'rank_sort': 11, 'total': 1111, 'entry': 3165748, 'entry_name': 'Gilphonsi Malpova'}, {'id': 22732254, 'event_total': 44, 'player_name': 'Jeremy Elengical', 'rank': 12, 'last_rank': 12, 'rank_sort': 12, 'total': 1091, 'entry': 3758444, 'entry_name': 'Crystal Phallus'}, {'id': 22698053, 'event_total': 27, 'player_name': 'Shivaraj Jayakumar', 'rank': 13, 'last_rank': 13, 'rank_sort': 13, 'total': 1024, 'entry': 468623, 'entry_name': 'Überdogs'}, {'id': 22698052, 'event_total': 35, 'player_name': 'satrujit mohanty', 'rank': 14, 'last_rank': 14, 'rank_sort': 14, 'total': 1017, 'entry': 1664036, 'entry_name': 'OnlyTillNovember FC'}, {'id': 29512318, 'event_total': 33, 'player_name': 'Vishnu Balakrishnan', 'rank': 15, 'last_rank': 15, 'rank_sort': 15, 'total': 918, 'entry': 4693999, 'entry_name': 'Gilphonsi Malpova'}, {'id': 35492143, 'event_total': 25, 'player_name': 'Anwin P S', 'rank': 16, 'last_rank': 16, 'rank_sort': 16, 'total': 910, 'entry': 5510973, 'entry_name': 'an_archist'}, {'id': 31905386, 'event_total': 56, 'player_name': 'Shahabas Shamsad', 'rank': 17, 'last_rank': 17, 'rank_sort': 17, 'total': 891, 'entry': 5032016, 'entry_name': 'Kondotty Bros.'}, {'id': 27698739, 'event_total': 42, 'player_name': 'Sam Radhakrishnan', 'rank': 18, 'last_rank': 19, 'rank_sort': 18, 'total': 830, 'entry': 4452170, 'entry_name': 'Childish Firmino'}, {'id': 30293794, 'event_total': 30, 'player_name': 'Aravind Krishnan', 'rank': 19, 'last_rank': 18, 'rank_sort': 19, 'total': 825, 'entry': 4804247, 'entry_name': 'Warrrr'}, {'id': 28967597, 'event_total': 36, 'player_name': 'Sai Chaithanya', 'rank': 20, 'last_rank': 20, 'rank_sort': 20, 'total': 745, 'entry': 4622834, 'entry_name': 'The Imparables'}]}}
2021-01-29 19:50:05,350 	 [INFO | officialFPLApi.py:91] > Collecting event status
2021-01-29 19:50:05,351 	 [INFO | officialFPLApi.py:96] > Request for event status : https://fantasy.premierleague.com/api/event-status/
2021-01-29 19:50:11,468 	 [INFO | officialFPLApi.py:91] > Collecting event status
2021-01-29 19:50:11,468 	 [INFO | officialFPLApi.py:96] > Request for event status : https://fantasy.premierleague.com/api/event-status/
2021-01-29 19:55:00,259 	 [INFO | officialFPLApi.py:113] > Collecting bootstrap static data
2021-01-29 19:55:00,260 	 [INFO | officialFPLApi.py:118] > Request for bootstrap static data : https://fantasy.premierleague.com/api/bootstrap-static/
2021-01-29 19:55:23,791 	 [INFO | service.py:18] > Dashboard service listening on http://localhost:8086
2021-01-29 19:55:29,103 	 [INFO | dashboardRequestHandler.py:18] > [INCOMING] Request at /api/CLASSICLEAGUE/854530 
2021-01-29 19:55:29,103 	 [INFO | officialFPLApi.py:91] > Collecting event status
2021-01-29 19:55:29,104 	 [INFO | officialFPLApi.py:96] > Request for event status : https://fantasy.premierleague.com/api/event-status/
2021-01-29 19:56:01,347 	 [INFO | officialFPLApi.py:156] > Collecting classic league standings for 854530
2021-01-29 19:56:01,347 	 [INFO | officialFPLApi.py:161] > Request for classic league standings : https://fantasy.premierleague.com/api/leagues-classic/854530/standings/
2021-01-29 19:56:06,958 	 [INFO | officialFPLApi.py:165] > Collected response for classic league standings : {'league': {'id': 854530, 'name': 'Justice league :D', 'created': '2020-09-09T15:45:20.296151Z', 'closed': False, 'max_entries': None, 'league_type': 'x', 'scoring': 'c', 'admin_entry': 3753381, 'start_event': 1, 'code_privacy': 'p', 'has_cup': False, 'cup_league': None, 'rank': None}, 'new_entries': {'has_next': False, 'page': 1, 'results': []}, 'standings': {'has_next': False, 'page': 1, 'results': [{'id': 22698054, 'event_total': 54, 'player_name': 'Rohit Roy', 'rank': 1, 'last_rank': 1, 'rank_sort': 1, 'total': 1254, 'entry': 2599752, 'entry_name': "Shambu's kids"}, {'id': 22698056, 'event_total': 47, 'player_name': 'Nitin Krishna', 'rank': 2, 'last_rank': 2, 'rank_sort': 2, 'total': 1232, 'entry': 799765, 'entry_name': 'NiñeXI'}, {'id': 31547344, 'event_total': 42, 'player_name': 'Sherine Davis', 'rank': 3, 'last_rank': 3, 'rank_sort': 3, 'total': 1203, 'entry': 4979783, 'entry_name': 'Da Sher'}, {'id': 22698058, 'event_total': 41, 'player_name': 'Ajish Philip', 'rank': 4, 'last_rank': 4, 'rank_sort': 4, 'total': 1189, 'entry': 2925830, 'entry_name': 'MFC'}, {'id': 22698059, 'event_total': 41, 'player_name': 'Sanjo Jain', 'rank': 5, 'last_rank': 5, 'rank_sort': 5, 'total': 1188, 'entry': 489665, 'entry_name': 'KappaFishcurryXI'}, {'id': 29649115, 'event_total': 70, 'player_name': 'Aryabhatt M R', 'rank': 6, 'last_rank': 7, 'rank_sort': 6, 'total': 1182, 'entry': 4710397, 'entry_name': 'ole ole ole'}, {'id': 22698050, 'event_total': 42, 'player_name': 'Janardhan Kammath', 'rank': 7, 'last_rank': 6, 'rank_sort': 7, 'total': 1167, 'entry': 3753381, 'entry_name': 'Kallummakkais'}, {'id': 35959276, 'event_total': 50, 'player_name': 'Sreeraj Janardhanan', 'rank': 8, 'last_rank': 8, 'rank_sort': 8, 'total': 1155, 'entry': 5572779, 'entry_name': 'Purge'}, {'id': 22698061, 'event_total': 68, 'player_name': 'Vijay Ganapathy Girish', 'rank': 9, 'last_rank': 10, 'rank_sort': 9, 'total': 1154, 'entry': 427885, 'entry_name': "Vijayettan's XI"}, {'id': 23262481, 'event_total': 30, 'player_name': 'Vishnu Prabhakar', 'rank': 10, 'last_rank': 9, 'rank_sort': 10, 'total': 1125, 'entry': 3831449, 'entry_name': 'Lord8ar2omeuFC'}, {'id': 22839657, 'event_total': 47, 'player_name': 'Ramakrishnan Natarajan', 'rank': 11, 'last_rank': 11, 'rank_sort': 11, 'total': 1111, 'entry': 3165748, 'entry_name': 'Gilphonsi Malpova'}, {'id': 22732254, 'event_total': 44, 'player_name': 'Jeremy Elengical', 'rank': 12, 'last_rank': 12, 'rank_sort': 12, 'total': 1091, 'entry': 3758444, 'entry_name': 'Crystal Phallus'}, {'id': 22698053, 'event_total': 27, 'player_name': 'Shivaraj Jayakumar', 'rank': 13, 'last_rank': 13, 'rank_sort': 13, 'total': 1024, 'entry': 468623, 'entry_name': 'Überdogs'}, {'id': 22698052, 'event_total': 35, 'player_name': 'satrujit mohanty', 'rank': 14, 'last_rank': 14, 'rank_sort': 14, 'total': 1017, 'entry': 1664036, 'entry_name': 'OnlyTillNovember FC'}, {'id': 29512318, 'event_total': 33, 'player_name': 'Vishnu Balakrishnan', 'rank': 15, 'last_rank': 15, 'rank_sort': 15, 'total': 918, 'entry': 4693999, 'entry_name': 'Gilphonsi Malpova'}, {'id': 35492143, 'event_total': 25, 'player_name': 'Anwin P S', 'rank': 16, 'last_rank': 16, 'rank_sort': 16, 'total': 910, 'entry': 5510973, 'entry_name': 'an_archist'}, {'id': 31905386, 'event_total': 56, 'player_name': 'Shahabas Shamsad', 'rank': 17, 'last_rank': 17, 'rank_sort': 17, 'total': 891, 'entry': 5032016, 'entry_name': 'Kondotty Bros.'}, {'id': 27698739, 'event_total': 42, 'player_name': 'Sam Radhakrishnan', 'rank': 18, 'last_rank': 19, 'rank_sort': 18, 'total': 830, 'entry': 4452170, 'entry_name': 'Childish Firmino'}, {'id': 30293794, 'event_total': 30, 'player_name': 'Aravind Krishnan', 'rank': 19, 'last_rank': 18, 'rank_sort': 19, 'total': 825, 'entry': 4804247, 'entry_name': 'Warrrr'}, {'id': 28967597, 'event_total': 36, 'player_name': 'Sai Chaithanya', 'rank': 20, 'last_rank': 20, 'rank_sort': 20, 'total': 745, 'entry': 4622834, 'entry_name': 'The Imparables'}]}}
2021-01-29 19:56:41,265 	 [INFO | officialFPLApi.py:91] > Collecting event status
2021-01-29 19:56:41,265 	 [INFO | officialFPLApi.py:96] > Request for event status : https://fantasy.premierleague.com/api/event-status/
2021-01-29 19:56:41,817 	 [ERROR | coreUtils.py:212] >  ! Error onboarding new league 854530 to fpldb
Traceback (most recent call last):
  File "D:\Sherine Davis\Code\PycharmProjects\FPLDasherboard\fpldb\utils\coreUtils.py", line 210, in getClassicLeagueStandings
    basicInfo = CoreUtils.onboardLeague(leagueId)
  File "D:\Sherine Davis\Code\PycharmProjects\FPLDasherboard\fpldb\utils\coreUtils.py", line 272, in onboardLeague
    item.update(CoreDBUtils.getGWTeamInfo(item['id'], currentGW))
TypeError: getGWTeamInfo() missing 1 required positional argument: 'gwId'
2021-01-29 19:56:41,818 	 [ERROR | coreUtils.py:214] >  ! Error collecting new league 854530 data from fpldb
2021-01-29 19:57:12,518 	 [INFO | officialFPLApi.py:113] > Collecting bootstrap static data
2021-01-29 19:57:12,519 	 [INFO | officialFPLApi.py:118] > Request for bootstrap static data : https://fantasy.premierleague.com/api/bootstrap-static/
2021-01-29 19:57:15,997 	 [INFO | service.py:18] > Dashboard service listening on http://localhost:8086
2021-01-29 19:57:19,399 	 [INFO | dashboardRequestHandler.py:18] > [INCOMING] Request at /api/CLASSICLEAGUE/854530 
2021-01-29 19:57:19,399 	 [INFO | officialFPLApi.py:91] > Collecting event status
2021-01-29 19:57:19,400 	 [INFO | officialFPLApi.py:96] > Request for event status : https://fantasy.premierleague.com/api/event-status/
2021-01-29 19:57:28,882 	 [INFO | officialFPLApi.py:156] > Collecting classic league standings for 854530
2021-01-29 19:57:28,883 	 [INFO | officialFPLApi.py:161] > Request for classic league standings : https://fantasy.premierleague.com/api/leagues-classic/854530/standings/
2021-01-29 19:57:31,059 	 [INFO | officialFPLApi.py:165] > Collected response for classic league standings : {'league': {'id': 854530, 'name': 'Justice league :D', 'created': '2020-09-09T15:45:20.296151Z', 'closed': False, 'max_entries': None, 'league_type': 'x', 'scoring': 'c', 'admin_entry': 3753381, 'start_event': 1, 'code_privacy': 'p', 'has_cup': False, 'cup_league': None, 'rank': None}, 'new_entries': {'has_next': False, 'page': 1, 'results': []}, 'standings': {'has_next': False, 'page': 1, 'results': [{'id': 22698054, 'event_total': 54, 'player_name': 'Rohit Roy', 'rank': 1, 'last_rank': 1, 'rank_sort': 1, 'total': 1254, 'entry': 2599752, 'entry_name': "Shambu's kids"}, {'id': 22698056, 'event_total': 47, 'player_name': 'Nitin Krishna', 'rank': 2, 'last_rank': 2, 'rank_sort': 2, 'total': 1232, 'entry': 799765, 'entry_name': 'NiñeXI'}, {'id': 31547344, 'event_total': 42, 'player_name': 'Sherine Davis', 'rank': 3, 'last_rank': 3, 'rank_sort': 3, 'total': 1203, 'entry': 4979783, 'entry_name': 'Da Sher'}, {'id': 22698058, 'event_total': 41, 'player_name': 'Ajish Philip', 'rank': 4, 'last_rank': 4, 'rank_sort': 4, 'total': 1189, 'entry': 2925830, 'entry_name': 'MFC'}, {'id': 22698059, 'event_total': 41, 'player_name': 'Sanjo Jain', 'rank': 5, 'last_rank': 5, 'rank_sort': 5, 'total': 1188, 'entry': 489665, 'entry_name': 'KappaFishcurryXI'}, {'id': 29649115, 'event_total': 70, 'player_name': 'Aryabhatt M R', 'rank': 6, 'last_rank': 7, 'rank_sort': 6, 'total': 1182, 'entry': 4710397, 'entry_name': 'ole ole ole'}, {'id': 22698050, 'event_total': 42, 'player_name': 'Janardhan Kammath', 'rank': 7, 'last_rank': 6, 'rank_sort': 7, 'total': 1167, 'entry': 3753381, 'entry_name': 'Kallummakkais'}, {'id': 35959276, 'event_total': 50, 'player_name': 'Sreeraj Janardhanan', 'rank': 8, 'last_rank': 8, 'rank_sort': 8, 'total': 1155, 'entry': 5572779, 'entry_name': 'Purge'}, {'id': 22698061, 'event_total': 68, 'player_name': 'Vijay Ganapathy Girish', 'rank': 9, 'last_rank': 10, 'rank_sort': 9, 'total': 1154, 'entry': 427885, 'entry_name': "Vijayettan's XI"}, {'id': 23262481, 'event_total': 30, 'player_name': 'Vishnu Prabhakar', 'rank': 10, 'last_rank': 9, 'rank_sort': 10, 'total': 1125, 'entry': 3831449, 'entry_name': 'Lord8ar2omeuFC'}, {'id': 22839657, 'event_total': 47, 'player_name': 'Ramakrishnan Natarajan', 'rank': 11, 'last_rank': 11, 'rank_sort': 11, 'total': 1111, 'entry': 3165748, 'entry_name': 'Gilphonsi Malpova'}, {'id': 22732254, 'event_total': 44, 'player_name': 'Jeremy Elengical', 'rank': 12, 'last_rank': 12, 'rank_sort': 12, 'total': 1091, 'entry': 3758444, 'entry_name': 'Crystal Phallus'}, {'id': 22698053, 'event_total': 27, 'player_name': 'Shivaraj Jayakumar', 'rank': 13, 'last_rank': 13, 'rank_sort': 13, 'total': 1024, 'entry': 468623, 'entry_name': 'Überdogs'}, {'id': 22698052, 'event_total': 35, 'player_name': 'satrujit mohanty', 'rank': 14, 'last_rank': 14, 'rank_sort': 14, 'total': 1017, 'entry': 1664036, 'entry_name': 'OnlyTillNovember FC'}, {'id': 29512318, 'event_total': 33, 'player_name': 'Vishnu Balakrishnan', 'rank': 15, 'last_rank': 15, 'rank_sort': 15, 'total': 918, 'entry': 4693999, 'entry_name': 'Gilphonsi Malpova'}, {'id': 35492143, 'event_total': 25, 'player_name': 'Anwin P S', 'rank': 16, 'last_rank': 16, 'rank_sort': 16, 'total': 910, 'entry': 5510973, 'entry_name': 'an_archist'}, {'id': 31905386, 'event_total': 56, 'player_name': 'Shahabas Shamsad', 'rank': 17, 'last_rank': 17, 'rank_sort': 17, 'total': 891, 'entry': 5032016, 'entry_name': 'Kondotty Bros.'}, {'id': 27698739, 'event_total': 42, 'player_name': 'Sam Radhakrishnan', 'rank': 18, 'last_rank': 19, 'rank_sort': 18, 'total': 830, 'entry': 4452170, 'entry_name': 'Childish Firmino'}, {'id': 30293794, 'event_total': 30, 'player_name': 'Aravind Krishnan', 'rank': 19, 'last_rank': 18, 'rank_sort': 19, 'total': 825, 'entry': 4804247, 'entry_name': 'Warrrr'}, {'id': 28967597, 'event_total': 36, 'player_name': 'Sai Chaithanya', 'rank': 20, 'last_rank': 20, 'rank_sort': 20, 'total': 745, 'entry': 4622834, 'entry_name': 'The Imparables'}]}}
2021-01-29 19:57:37,656 	 [INFO | officialFPLApi.py:91] > Collecting event status
2021-01-29 19:57:37,656 	 [INFO | officialFPLApi.py:96] > Request for event status : https://fantasy.premierleague.com/api/event-status/
2021-01-29 19:57:38,090 	 [INFO | officialFPLApi.py:140] > Collecting player picks for <built-in function id>, 20
2021-01-29 19:57:38,091 	 [INFO | officialFPLApi.py:145] > Request for player picks : https://fantasy.premierleague.com/api/entry/2599752/event/20/picks/
2021-01-29 19:57:39,460 	 [ERROR | coreUtils.py:212] >  ! Error onboarding new league 854530 to fpldb
Traceback (most recent call last):
  File "D:\Sherine Davis\Code\PycharmProjects\FPLDasherboard\fpldb\utils\coreUtils.py", line 210, in getClassicLeagueStandings
    basicInfo = CoreUtils.onboardLeague(leagueId)
  File "D:\Sherine Davis\Code\PycharmProjects\FPLDasherboard\fpldb\utils\coreUtils.py", line 272, in onboardLeague
    item.update(CoreDBUtils.getGWTeamInfo(item['id'], currentGW))
  File "D:\Sherine Davis\Code\PycharmProjects\FPLDasherboard\fpldb\database\utils\coreDBUtils.py", line 30, in getGWTeamInfo
    processedPlayer = self.getPlayerInfo(player['element'])
NameError: name 'self' is not defined
2021-01-29 19:57:39,462 	 [ERROR | coreUtils.py:214] >  ! Error collecting new league 854530 data from fpldb
2021-01-29 21:00:30,930 	 [INFO | officialFPLApi.py:113] > Collecting bootstrap static data
2021-01-29 21:00:30,931 	 [INFO | officialFPLApi.py:118] > Request for bootstrap static data : https://fantasy.premierleague.com/api/bootstrap-static/
2021-01-29 21:01:23,599 	 [INFO | officialFPLApi.py:113] > Collecting bootstrap static data
2021-01-29 21:01:23,600 	 [INFO | officialFPLApi.py:118] > Request for bootstrap static data : https://fantasy.premierleague.com/api/bootstrap-static/
2021-01-29 21:01:26,077 	 [INFO | service.py:18] > Dashboard service listening on http://localhost:8086
2021-01-29 21:06:28,630 	 [INFO | dashboardRequestHandler.py:18] > [INCOMING] Request at /api/CLASSICLEAGUE/854530 
2021-01-29 21:06:28,630 	 [INFO | officialFPLApi.py:91] > Collecting event status
2021-01-29 21:06:28,631 	 [INFO | officialFPLApi.py:96] > Request for event status : https://fantasy.premierleague.com/api/event-status/
2021-01-29 21:11:38,621 	 [INFO | officialFPLApi.py:113] > Collecting bootstrap static data
2021-01-29 21:11:38,621 	 [INFO | officialFPLApi.py:118] > Request for bootstrap static data : https://fantasy.premierleague.com/api/bootstrap-static/
2021-01-29 21:11:40,988 	 [INFO | officialFPLApi.py:113] > Collecting bootstrap static data
2021-01-29 21:11:40,989 	 [INFO | officialFPLApi.py:118] > Request for bootstrap static data : https://fantasy.premierleague.com/api/bootstrap-static/
2021-01-29 21:11:43,572 	 [INFO | service.py:18] > Dashboard service listening on http://localhost:8086
2021-01-29 21:11:43,761 	 [INFO | dashboardRequestHandler.py:18] > [INCOMING] Request at /api/CLASSICLEAGUE/854530 
2021-01-29 21:11:43,761 	 [INFO | officialFPLApi.py:91] > Collecting event status
2021-01-29 21:11:43,761 	 [INFO | officialFPLApi.py:96] > Request for event status : https://fantasy.premierleague.com/api/event-status/
2021-01-29 21:12:02,759 	 [INFO | officialFPLApi.py:156] > Collecting classic league standings for 854530
2021-01-29 21:12:02,759 	 [INFO | officialFPLApi.py:161] > Request for classic league standings : https://fantasy.premierleague.com/api/leagues-classic/854530/standings/
2021-01-29 21:12:07,821 	 [INFO | officialFPLApi.py:165] > Collected response for classic league standings : {'league': {'id': 854530, 'name': 'Justice league :D', 'created': '2020-09-09T15:45:20.296151Z', 'closed': False, 'max_entries': None, 'league_type': 'x', 'scoring': 'c', 'admin_entry': 3753381, 'start_event': 1, 'code_privacy': 'p', 'has_cup': False, 'cup_league': None, 'rank': None}, 'new_entries': {'has_next': False, 'page': 1, 'results': []}, 'standings': {'has_next': False, 'page': 1, 'results': [{'id': 22698054, 'event_total': 54, 'player_name': 'Rohit Roy', 'rank': 1, 'last_rank': 1, 'rank_sort': 1, 'total': 1254, 'entry': 2599752, 'entry_name': "Shambu's kids"}, {'id': 22698056, 'event_total': 47, 'player_name': 'Nitin Krishna', 'rank': 2, 'last_rank': 2, 'rank_sort': 2, 'total': 1232, 'entry': 799765, 'entry_name': 'NiñeXI'}, {'id': 31547344, 'event_total': 42, 'player_name': 'Sherine Davis', 'rank': 3, 'last_rank': 3, 'rank_sort': 3, 'total': 1203, 'entry': 4979783, 'entry_name': 'Da Sher'}, {'id': 22698058, 'event_total': 41, 'player_name': 'Ajish Philip', 'rank': 4, 'last_rank': 4, 'rank_sort': 4, 'total': 1189, 'entry': 2925830, 'entry_name': 'MFC'}, {'id': 22698059, 'event_total': 41, 'player_name': 'Sanjo Jain', 'rank': 5, 'last_rank': 5, 'rank_sort': 5, 'total': 1188, 'entry': 489665, 'entry_name': 'KappaFishcurryXI'}, {'id': 29649115, 'event_total': 70, 'player_name': 'Aryabhatt M R', 'rank': 6, 'last_rank': 7, 'rank_sort': 6, 'total': 1182, 'entry': 4710397, 'entry_name': 'ole ole ole'}, {'id': 22698050, 'event_total': 42, 'player_name': 'Janardhan Kammath', 'rank': 7, 'last_rank': 6, 'rank_sort': 7, 'total': 1167, 'entry': 3753381, 'entry_name': 'Kallummakkais'}, {'id': 35959276, 'event_total': 50, 'player_name': 'Sreeraj Janardhanan', 'rank': 8, 'last_rank': 8, 'rank_sort': 8, 'total': 1155, 'entry': 5572779, 'entry_name': 'Purge'}, {'id': 22698061, 'event_total': 68, 'player_name': 'Vijay Ganapathy Girish', 'rank': 9, 'last_rank': 10, 'rank_sort': 9, 'total': 1154, 'entry': 427885, 'entry_name': "Vijayettan's XI"}, {'id': 23262481, 'event_total': 30, 'player_name': 'Vishnu Prabhakar', 'rank': 10, 'last_rank': 9, 'rank_sort': 10, 'total': 1125, 'entry': 3831449, 'entry_name': 'Lord8ar2omeuFC'}, {'id': 22839657, 'event_total': 47, 'player_name': 'Ramakrishnan Natarajan', 'rank': 11, 'last_rank': 11, 'rank_sort': 11, 'total': 1111, 'entry': 3165748, 'entry_name': 'Gilphonsi Malpova'}, {'id': 22732254, 'event_total': 44, 'player_name': 'Jeremy Elengical', 'rank': 12, 'last_rank': 12, 'rank_sort': 12, 'total': 1091, 'entry': 3758444, 'entry_name': 'Crystal Phallus'}, {'id': 22698053, 'event_total': 27, 'player_name': 'Shivaraj Jayakumar', 'rank': 13, 'last_rank': 13, 'rank_sort': 13, 'total': 1024, 'entry': 468623, 'entry_name': 'Überdogs'}, {'id': 22698052, 'event_total': 35, 'player_name': 'satrujit mohanty', 'rank': 14, 'last_rank': 14, 'rank_sort': 14, 'total': 1017, 'entry': 1664036, 'entry_name': 'OnlyTillNovember FC'}, {'id': 29512318, 'event_total': 33, 'player_name': 'Vishnu Balakrishnan', 'rank': 15, 'last_rank': 15, 'rank_sort': 15, 'total': 918, 'entry': 4693999, 'entry_name': 'Gilphonsi Malpova'}, {'id': 35492143, 'event_total': 25, 'player_name': 'Anwin P S', 'rank': 16, 'last_rank': 16, 'rank_sort': 16, 'total': 910, 'entry': 5510973, 'entry_name': 'an_archist'}, {'id': 31905386, 'event_total': 56, 'player_name': 'Shahabas Shamsad', 'rank': 17, 'last_rank': 17, 'rank_sort': 17, 'total': 891, 'entry': 5032016, 'entry_name': 'Kondotty Bros.'}, {'id': 27698739, 'event_total': 42, 'player_name': 'Sam Radhakrishnan', 'rank': 18, 'last_rank': 19, 'rank_sort': 18, 'total': 830, 'entry': 4452170, 'entry_name': 'Childish Firmino'}, {'id': 30293794, 'event_total': 30, 'player_name': 'Aravind Krishnan', 'rank': 19, 'last_rank': 18, 'rank_sort': 19, 'total': 825, 'entry': 4804247, 'entry_name': 'Warrrr'}, {'id': 28967597, 'event_total': 36, 'player_name': 'Sai Chaithanya', 'rank': 20, 'last_rank': 20, 'rank_sort': 20, 'total': 745, 'entry': 4622834, 'entry_name': 'The Imparables'}]}}
2021-01-29 21:12:12,590 	 [INFO | officialFPLApi.py:91] > Collecting event status
2021-01-29 21:12:12,591 	 [INFO | officialFPLApi.py:96] > Request for event status : https://fantasy.premierleague.com/api/event-status/
2021-01-29 21:12:13,202 	 [ERROR | coreUtils.py:216] >  ! Error onboarding new league 854530 to fpldb
Traceback (most recent call last):
  File "D:\Sherine Davis\Code\PycharmProjects\FPLDasherboard\fpldb\utils\coreUtils.py", line 214, in getClassicLeagueStandings
    basicInfo = CoreUtils.onboardLeague(leagueId)
  File "D:\Sherine Davis\Code\PycharmProjects\FPLDasherboard\fpldb\utils\coreUtils.py", line 276, in onboardLeague
    item.update(CoreUtils.getGWTeamInfo(item['id'], currentGW))
TypeError: getGWTeamInfo() missing 1 required positional argument: 'gwId'
2021-01-29 21:12:13,203 	 [ERROR | coreUtils.py:218] >  ! Error collecting new league 854530 data from fpldb
2021-01-29 21:12:46,544 	 [INFO | officialFPLApi.py:113] > Collecting bootstrap static data
2021-01-29 21:12:46,544 	 [INFO | officialFPLApi.py:118] > Request for bootstrap static data : https://fantasy.premierleague.com/api/bootstrap-static/
2021-01-29 21:12:48,936 	 [INFO | officialFPLApi.py:113] > Collecting bootstrap static data
2021-01-29 21:12:48,936 	 [INFO | officialFPLApi.py:118] > Request for bootstrap static data : https://fantasy.premierleague.com/api/bootstrap-static/
2021-01-29 21:13:04,387 	 [INFO | service.py:18] > Dashboard service listening on http://localhost:8086
2021-01-29 21:13:15,966 	 [INFO | dashboardRequestHandler.py:18] > [INCOMING] Request at /api/CLASSICLEAGUE/854530 
2021-01-29 21:13:15,967 	 [INFO | officialFPLApi.py:91] > Collecting event status
2021-01-29 21:13:15,967 	 [INFO | officialFPLApi.py:96] > Request for event status : https://fantasy.premierleague.com/api/event-status/
2021-01-29 21:13:39,758 	 [INFO | officialFPLApi.py:156] > Collecting classic league standings for 854530
2021-01-29 21:13:39,758 	 [INFO | officialFPLApi.py:161] > Request for classic league standings : https://fantasy.premierleague.com/api/leagues-classic/854530/standings/
2021-01-29 21:13:40,301 	 [INFO | officialFPLApi.py:165] > Collected response for classic league standings : {'league': {'id': 854530, 'name': 'Justice league :D', 'created': '2020-09-09T15:45:20.296151Z', 'closed': False, 'max_entries': None, 'league_type': 'x', 'scoring': 'c', 'admin_entry': 3753381, 'start_event': 1, 'code_privacy': 'p', 'has_cup': False, 'cup_league': None, 'rank': None}, 'new_entries': {'has_next': False, 'page': 1, 'results': []}, 'standings': {'has_next': False, 'page': 1, 'results': [{'id': 22698054, 'event_total': 54, 'player_name': 'Rohit Roy', 'rank': 1, 'last_rank': 1, 'rank_sort': 1, 'total': 1254, 'entry': 2599752, 'entry_name': "Shambu's kids"}, {'id': 22698056, 'event_total': 47, 'player_name': 'Nitin Krishna', 'rank': 2, 'last_rank': 2, 'rank_sort': 2, 'total': 1232, 'entry': 799765, 'entry_name': 'NiñeXI'}, {'id': 31547344, 'event_total': 42, 'player_name': 'Sherine Davis', 'rank': 3, 'last_rank': 3, 'rank_sort': 3, 'total': 1203, 'entry': 4979783, 'entry_name': 'Da Sher'}, {'id': 22698058, 'event_total': 41, 'player_name': 'Ajish Philip', 'rank': 4, 'last_rank': 4, 'rank_sort': 4, 'total': 1189, 'entry': 2925830, 'entry_name': 'MFC'}, {'id': 22698059, 'event_total': 41, 'player_name': 'Sanjo Jain', 'rank': 5, 'last_rank': 5, 'rank_sort': 5, 'total': 1188, 'entry': 489665, 'entry_name': 'KappaFishcurryXI'}, {'id': 29649115, 'event_total': 70, 'player_name': 'Aryabhatt M R', 'rank': 6, 'last_rank': 7, 'rank_sort': 6, 'total': 1182, 'entry': 4710397, 'entry_name': 'ole ole ole'}, {'id': 22698050, 'event_total': 42, 'player_name': 'Janardhan Kammath', 'rank': 7, 'last_rank': 6, 'rank_sort': 7, 'total': 1167, 'entry': 3753381, 'entry_name': 'Kallummakkais'}, {'id': 35959276, 'event_total': 50, 'player_name': 'Sreeraj Janardhanan', 'rank': 8, 'last_rank': 8, 'rank_sort': 8, 'total': 1155, 'entry': 5572779, 'entry_name': 'Purge'}, {'id': 22698061, 'event_total': 68, 'player_name': 'Vijay Ganapathy Girish', 'rank': 9, 'last_rank': 10, 'rank_sort': 9, 'total': 1154, 'entry': 427885, 'entry_name': "Vijayettan's XI"}, {'id': 23262481, 'event_total': 30, 'player_name': 'Vishnu Prabhakar', 'rank': 10, 'last_rank': 9, 'rank_sort': 10, 'total': 1125, 'entry': 3831449, 'entry_name': 'Lord8ar2omeuFC'}, {'id': 22839657, 'event_total': 47, 'player_name': 'Ramakrishnan Natarajan', 'rank': 11, 'last_rank': 11, 'rank_sort': 11, 'total': 1111, 'entry': 3165748, 'entry_name': 'Gilphonsi Malpova'}, {'id': 22732254, 'event_total': 44, 'player_name': 'Jeremy Elengical', 'rank': 12, 'last_rank': 12, 'rank_sort': 12, 'total': 1091, 'entry': 3758444, 'entry_name': 'Crystal Phallus'}, {'id': 22698053, 'event_total': 27, 'player_name': 'Shivaraj Jayakumar', 'rank': 13, 'last_rank': 13, 'rank_sort': 13, 'total': 1024, 'entry': 468623, 'entry_name': 'Überdogs'}, {'id': 22698052, 'event_total': 35, 'player_name': 'satrujit mohanty', 'rank': 14, 'last_rank': 14, 'rank_sort': 14, 'total': 1017, 'entry': 1664036, 'entry_name': 'OnlyTillNovember FC'}, {'id': 29512318, 'event_total': 33, 'player_name': 'Vishnu Balakrishnan', 'rank': 15, 'last_rank': 15, 'rank_sort': 15, 'total': 918, 'entry': 4693999, 'entry_name': 'Gilphonsi Malpova'}, {'id': 35492143, 'event_total': 25, 'player_name': 'Anwin P S', 'rank': 16, 'last_rank': 16, 'rank_sort': 16, 'total': 910, 'entry': 5510973, 'entry_name': 'an_archist'}, {'id': 31905386, 'event_total': 56, 'player_name': 'Shahabas Shamsad', 'rank': 17, 'last_rank': 17, 'rank_sort': 17, 'total': 891, 'entry': 5032016, 'entry_name': 'Kondotty Bros.'}, {'id': 27698739, 'event_total': 42, 'player_name': 'Sam Radhakrishnan', 'rank': 18, 'last_rank': 19, 'rank_sort': 18, 'total': 830, 'entry': 4452170, 'entry_name': 'Childish Firmino'}, {'id': 30293794, 'event_total': 30, 'player_name': 'Aravind Krishnan', 'rank': 19, 'last_rank': 18, 'rank_sort': 19, 'total': 825, 'entry': 4804247, 'entry_name': 'Warrrr'}, {'id': 28967597, 'event_total': 36, 'player_name': 'Sai Chaithanya', 'rank': 20, 'last_rank': 20, 'rank_sort': 20, 'total': 745, 'entry': 4622834, 'entry_name': 'The Imparables'}]}}
2021-01-29 21:13:40,302 	 [INFO | officialFPLApi.py:91] > Collecting event status
2021-01-29 21:13:40,302 	 [INFO | officialFPLApi.py:96] > Request for event status : https://fantasy.premierleague.com/api/event-status/
2021-01-29 21:13:40,764 	 [ERROR | coreUtils.py:217] >  ! Error onboarding new league 854530 to fpldb
Traceback (most recent call last):
  File "D:\Sherine Davis\Code\PycharmProjects\FPLDasherboard\fpldb\utils\coreUtils.py", line 215, in getClassicLeagueStandings
    basicInfo = CoreUtils.onboardLeague(leagueId)
  File "D:\Sherine Davis\Code\PycharmProjects\FPLDasherboard\fpldb\utils\coreUtils.py", line 277, in onboardLeague
    item.update(CoreUtils.getGWTeamInfo(item['id'], currentGW))
TypeError: getGWTeamInfo() missing 1 required positional argument: 'gwId'
2021-01-29 21:13:40,765 	 [ERROR | coreUtils.py:219] >  ! Error collecting new league 854530 data from fpldb
2021-01-29 21:14:44,148 	 [INFO | officialFPLApi.py:113] > Collecting bootstrap static data
2021-01-29 21:14:44,148 	 [INFO | officialFPLApi.py:118] > Request for bootstrap static data : https://fantasy.premierleague.com/api/bootstrap-static/
2021-01-29 21:14:48,157 	 [INFO | officialFPLApi.py:113] > Collecting bootstrap static data
2021-01-29 21:14:48,158 	 [INFO | officialFPLApi.py:118] > Request for bootstrap static data : https://fantasy.premierleague.com/api/bootstrap-static/
2021-01-29 21:14:58,886 	 [INFO | service.py:18] > Dashboard service listening on http://localhost:8086
2021-01-29 21:15:03,335 	 [INFO | dashboardRequestHandler.py:18] > [INCOMING] Request at /api/CLASSICLEAGUE/854530 
2021-01-29 21:15:03,335 	 [INFO | officialFPLApi.py:91] > Collecting event status
2021-01-29 21:15:03,336 	 [INFO | officialFPLApi.py:96] > Request for event status : https://fantasy.premierleague.com/api/event-status/
2021-01-29 21:15:16,053 	 [INFO | officialFPLApi.py:156] > Collecting classic league standings for 854530
2021-01-29 21:15:16,053 	 [INFO | officialFPLApi.py:161] > Request for classic league standings : https://fantasy.premierleague.com/api/leagues-classic/854530/standings/
2021-01-29 21:15:16,999 	 [INFO | officialFPLApi.py:165] > Collected response for classic league standings : {'league': {'id': 854530, 'name': 'Justice league :D', 'created': '2020-09-09T15:45:20.296151Z', 'closed': False, 'max_entries': None, 'league_type': 'x', 'scoring': 'c', 'admin_entry': 3753381, 'start_event': 1, 'code_privacy': 'p', 'has_cup': False, 'cup_league': None, 'rank': None}, 'new_entries': {'has_next': False, 'page': 1, 'results': []}, 'standings': {'has_next': False, 'page': 1, 'results': [{'id': 22698054, 'event_total': 54, 'player_name': 'Rohit Roy', 'rank': 1, 'last_rank': 1, 'rank_sort': 1, 'total': 1254, 'entry': 2599752, 'entry_name': "Shambu's kids"}, {'id': 22698056, 'event_total': 47, 'player_name': 'Nitin Krishna', 'rank': 2, 'last_rank': 2, 'rank_sort': 2, 'total': 1232, 'entry': 799765, 'entry_name': 'NiñeXI'}, {'id': 31547344, 'event_total': 42, 'player_name': 'Sherine Davis', 'rank': 3, 'last_rank': 3, 'rank_sort': 3, 'total': 1203, 'entry': 4979783, 'entry_name': 'Da Sher'}, {'id': 22698058, 'event_total': 41, 'player_name': 'Ajish Philip', 'rank': 4, 'last_rank': 4, 'rank_sort': 4, 'total': 1189, 'entry': 2925830, 'entry_name': 'MFC'}, {'id': 22698059, 'event_total': 41, 'player_name': 'Sanjo Jain', 'rank': 5, 'last_rank': 5, 'rank_sort': 5, 'total': 1188, 'entry': 489665, 'entry_name': 'KappaFishcurryXI'}, {'id': 29649115, 'event_total': 70, 'player_name': 'Aryabhatt M R', 'rank': 6, 'last_rank': 7, 'rank_sort': 6, 'total': 1182, 'entry': 4710397, 'entry_name': 'ole ole ole'}, {'id': 22698050, 'event_total': 42, 'player_name': 'Janardhan Kammath', 'rank': 7, 'last_rank': 6, 'rank_sort': 7, 'total': 1167, 'entry': 3753381, 'entry_name': 'Kallummakkais'}, {'id': 35959276, 'event_total': 50, 'player_name': 'Sreeraj Janardhanan', 'rank': 8, 'last_rank': 8, 'rank_sort': 8, 'total': 1155, 'entry': 5572779, 'entry_name': 'Purge'}, {'id': 22698061, 'event_total': 68, 'player_name': 'Vijay Ganapathy Girish', 'rank': 9, 'last_rank': 10, 'rank_sort': 9, 'total': 1154, 'entry': 427885, 'entry_name': "Vijayettan's XI"}, {'id': 23262481, 'event_total': 30, 'player_name': 'Vishnu Prabhakar', 'rank': 10, 'last_rank': 9, 'rank_sort': 10, 'total': 1125, 'entry': 3831449, 'entry_name': 'Lord8ar2omeuFC'}, {'id': 22839657, 'event_total': 47, 'player_name': 'Ramakrishnan Natarajan', 'rank': 11, 'last_rank': 11, 'rank_sort': 11, 'total': 1111, 'entry': 3165748, 'entry_name': 'Gilphonsi Malpova'}, {'id': 22732254, 'event_total': 44, 'player_name': 'Jeremy Elengical', 'rank': 12, 'last_rank': 12, 'rank_sort': 12, 'total': 1091, 'entry': 3758444, 'entry_name': 'Crystal Phallus'}, {'id': 22698053, 'event_total': 27, 'player_name': 'Shivaraj Jayakumar', 'rank': 13, 'last_rank': 13, 'rank_sort': 13, 'total': 1024, 'entry': 468623, 'entry_name': 'Überdogs'}, {'id': 22698052, 'event_total': 35, 'player_name': 'satrujit mohanty', 'rank': 14, 'last_rank': 14, 'rank_sort': 14, 'total': 1017, 'entry': 1664036, 'entry_name': 'OnlyTillNovember FC'}, {'id': 29512318, 'event_total': 33, 'player_name': 'Vishnu Balakrishnan', 'rank': 15, 'last_rank': 15, 'rank_sort': 15, 'total': 918, 'entry': 4693999, 'entry_name': 'Gilphonsi Malpova'}, {'id': 35492143, 'event_total': 25, 'player_name': 'Anwin P S', 'rank': 16, 'last_rank': 16, 'rank_sort': 16, 'total': 910, 'entry': 5510973, 'entry_name': 'an_archist'}, {'id': 31905386, 'event_total': 56, 'player_name': 'Shahabas Shamsad', 'rank': 17, 'last_rank': 17, 'rank_sort': 17, 'total': 891, 'entry': 5032016, 'entry_name': 'Kondotty Bros.'}, {'id': 27698739, 'event_total': 42, 'player_name': 'Sam Radhakrishnan', 'rank': 18, 'last_rank': 19, 'rank_sort': 18, 'total': 830, 'entry': 4452170, 'entry_name': 'Childish Firmino'}, {'id': 30293794, 'event_total': 30, 'player_name': 'Aravind Krishnan', 'rank': 19, 'last_rank': 18, 'rank_sort': 19, 'total': 825, 'entry': 4804247, 'entry_name': 'Warrrr'}, {'id': 28967597, 'event_total': 36, 'player_name': 'Sai Chaithanya', 'rank': 20, 'last_rank': 20, 'rank_sort': 20, 'total': 745, 'entry': 4622834, 'entry_name': 'The Imparables'}]}}
2021-01-29 21:15:16,999 	 [INFO | officialFPLApi.py:91] > Collecting event status
2021-01-29 21:15:17,000 	 [INFO | officialFPLApi.py:96] > Request for event status : https://fantasy.premierleague.com/api/event-status/
2021-01-29 21:15:17,481 	 [ERROR | coreUtils.py:217] >  ! Error onboarding new league 854530 to fpldb
Traceback (most recent call last):
  File "D:\Sherine Davis\Code\PycharmProjects\FPLDasherboard\fpldb\utils\coreUtils.py", line 215, in getClassicLeagueStandings
    basicInfo = CoreUtils.onboardLeague(leagueId)
  File "D:\Sherine Davis\Code\PycharmProjects\FPLDasherboard\fpldb\utils\coreUtils.py", line 277, in onboardLeague
    item.update(CoreUtils.getGWTeamInfo(item['id'], currentGW))
TypeError: getGWTeamInfo() missing 1 required positional argument: 'gwId'
2021-01-29 21:15:17,482 	 [ERROR | coreUtils.py:219] >  ! Error collecting new league 854530 data from fpldb
2021-01-29 21:15:43,814 	 [INFO | officialFPLApi.py:113] > Collecting bootstrap static data
2021-01-29 21:15:43,815 	 [INFO | officialFPLApi.py:118] > Request for bootstrap static data : https://fantasy.premierleague.com/api/bootstrap-static/
2021-01-29 21:15:45,975 	 [INFO | officialFPLApi.py:113] > Collecting bootstrap static data
2021-01-29 21:15:45,975 	 [INFO | officialFPLApi.py:118] > Request for bootstrap static data : https://fantasy.premierleague.com/api/bootstrap-static/
2021-01-29 21:15:56,195 	 [INFO | service.py:18] > Dashboard service listening on http://localhost:8086
2021-01-29 21:16:07,779 	 [INFO | dashboardRequestHandler.py:18] > [INCOMING] Request at /api/CLASSICLEAGUE/854530 
2021-01-29 21:16:07,779 	 [INFO | officialFPLApi.py:91] > Collecting event status
2021-01-29 21:16:07,779 	 [INFO | officialFPLApi.py:96] > Request for event status : https://fantasy.premierleague.com/api/event-status/
2021-01-29 21:16:15,282 	 [INFO | officialFPLApi.py:156] > Collecting classic league standings for 854530
2021-01-29 21:16:15,282 	 [INFO | officialFPLApi.py:161] > Request for classic league standings : https://fantasy.premierleague.com/api/leagues-classic/854530/standings/
2021-01-29 21:16:16,366 	 [INFO | officialFPLApi.py:165] > Collected response for classic league standings : {'league': {'id': 854530, 'name': 'Justice league :D', 'created': '2020-09-09T15:45:20.296151Z', 'closed': False, 'max_entries': None, 'league_type': 'x', 'scoring': 'c', 'admin_entry': 3753381, 'start_event': 1, 'code_privacy': 'p', 'has_cup': False, 'cup_league': None, 'rank': None}, 'new_entries': {'has_next': False, 'page': 1, 'results': []}, 'standings': {'has_next': False, 'page': 1, 'results': [{'id': 22698054, 'event_total': 54, 'player_name': 'Rohit Roy', 'rank': 1, 'last_rank': 1, 'rank_sort': 1, 'total': 1254, 'entry': 2599752, 'entry_name': "Shambu's kids"}, {'id': 22698056, 'event_total': 47, 'player_name': 'Nitin Krishna', 'rank': 2, 'last_rank': 2, 'rank_sort': 2, 'total': 1232, 'entry': 799765, 'entry_name': 'NiñeXI'}, {'id': 31547344, 'event_total': 42, 'player_name': 'Sherine Davis', 'rank': 3, 'last_rank': 3, 'rank_sort': 3, 'total': 1203, 'entry': 4979783, 'entry_name': 'Da Sher'}, {'id': 22698058, 'event_total': 41, 'player_name': 'Ajish Philip', 'rank': 4, 'last_rank': 4, 'rank_sort': 4, 'total': 1189, 'entry': 2925830, 'entry_name': 'MFC'}, {'id': 22698059, 'event_total': 41, 'player_name': 'Sanjo Jain', 'rank': 5, 'last_rank': 5, 'rank_sort': 5, 'total': 1188, 'entry': 489665, 'entry_name': 'KappaFishcurryXI'}, {'id': 29649115, 'event_total': 70, 'player_name': 'Aryabhatt M R', 'rank': 6, 'last_rank': 7, 'rank_sort': 6, 'total': 1182, 'entry': 4710397, 'entry_name': 'ole ole ole'}, {'id': 22698050, 'event_total': 42, 'player_name': 'Janardhan Kammath', 'rank': 7, 'last_rank': 6, 'rank_sort': 7, 'total': 1167, 'entry': 3753381, 'entry_name': 'Kallummakkais'}, {'id': 35959276, 'event_total': 50, 'player_name': 'Sreeraj Janardhanan', 'rank': 8, 'last_rank': 8, 'rank_sort': 8, 'total': 1155, 'entry': 5572779, 'entry_name': 'Purge'}, {'id': 22698061, 'event_total': 68, 'player_name': 'Vijay Ganapathy Girish', 'rank': 9, 'last_rank': 10, 'rank_sort': 9, 'total': 1154, 'entry': 427885, 'entry_name': "Vijayettan's XI"}, {'id': 23262481, 'event_total': 30, 'player_name': 'Vishnu Prabhakar', 'rank': 10, 'last_rank': 9, 'rank_sort': 10, 'total': 1125, 'entry': 3831449, 'entry_name': 'Lord8ar2omeuFC'}, {'id': 22839657, 'event_total': 47, 'player_name': 'Ramakrishnan Natarajan', 'rank': 11, 'last_rank': 11, 'rank_sort': 11, 'total': 1111, 'entry': 3165748, 'entry_name': 'Gilphonsi Malpova'}, {'id': 22732254, 'event_total': 44, 'player_name': 'Jeremy Elengical', 'rank': 12, 'last_rank': 12, 'rank_sort': 12, 'total': 1091, 'entry': 3758444, 'entry_name': 'Crystal Phallus'}, {'id': 22698053, 'event_total': 27, 'player_name': 'Shivaraj Jayakumar', 'rank': 13, 'last_rank': 13, 'rank_sort': 13, 'total': 1024, 'entry': 468623, 'entry_name': 'Überdogs'}, {'id': 22698052, 'event_total': 35, 'player_name': 'satrujit mohanty', 'rank': 14, 'last_rank': 14, 'rank_sort': 14, 'total': 1017, 'entry': 1664036, 'entry_name': 'OnlyTillNovember FC'}, {'id': 29512318, 'event_total': 33, 'player_name': 'Vishnu Balakrishnan', 'rank': 15, 'last_rank': 15, 'rank_sort': 15, 'total': 918, 'entry': 4693999, 'entry_name': 'Gilphonsi Malpova'}, {'id': 35492143, 'event_total': 25, 'player_name': 'Anwin P S', 'rank': 16, 'last_rank': 16, 'rank_sort': 16, 'total': 910, 'entry': 5510973, 'entry_name': 'an_archist'}, {'id': 31905386, 'event_total': 56, 'player_name': 'Shahabas Shamsad', 'rank': 17, 'last_rank': 17, 'rank_sort': 17, 'total': 891, 'entry': 5032016, 'entry_name': 'Kondotty Bros.'}, {'id': 27698739, 'event_total': 42, 'player_name': 'Sam Radhakrishnan', 'rank': 18, 'last_rank': 19, 'rank_sort': 18, 'total': 830, 'entry': 4452170, 'entry_name': 'Childish Firmino'}, {'id': 30293794, 'event_total': 30, 'player_name': 'Aravind Krishnan', 'rank': 19, 'last_rank': 18, 'rank_sort': 19, 'total': 825, 'entry': 4804247, 'entry_name': 'Warrrr'}, {'id': 28967597, 'event_total': 36, 'player_name': 'Sai Chaithanya', 'rank': 20, 'last_rank': 20, 'rank_sort': 20, 'total': 745, 'entry': 4622834, 'entry_name': 'The Imparables'}]}}
2021-01-29 21:16:16,366 	 [INFO | officialFPLApi.py:91] > Collecting event status
2021-01-29 21:16:16,366 	 [INFO | officialFPLApi.py:96] > Request for event status : https://fantasy.premierleague.com/api/event-status/
2021-01-29 21:18:20,113 	 [INFO | officialFPLApi.py:140] > Collecting player picks for <built-in function id>, 1
2021-01-29 21:18:20,114 	 [INFO | officialFPLApi.py:145] > Request for player picks : https://fantasy.premierleague.com/api/entry/20/event/1/picks/
2021-01-29 21:38:19,251 	 [INFO | officialFPLApi.py:113] > Collecting bootstrap static data
2021-01-29 21:38:19,251 	 [INFO | officialFPLApi.py:118] > Request for bootstrap static data : https://fantasy.premierleague.com/api/bootstrap-static/
2021-01-29 21:38:20,881 	 [INFO | officialFPLApi.py:113] > Collecting bootstrap static data
2021-01-29 21:38:20,881 	 [INFO | officialFPLApi.py:118] > Request for bootstrap static data : https://fantasy.premierleague.com/api/bootstrap-static/
2021-01-29 21:38:23,384 	 [INFO | service.py:18] > Dashboard service listening on http://localhost:8086
2021-01-29 21:38:40,947 	 [INFO | dashboardRequestHandler.py:18] > [INCOMING] Request at /api/CLASSICLEAGUE/854530 
2021-01-29 21:38:40,947 	 [INFO | officialFPLApi.py:91] > Collecting event status
2021-01-29 21:38:40,947 	 [INFO | officialFPLApi.py:96] > Request for event status : https://fantasy.premierleague.com/api/event-status/
2021-01-29 21:38:41,586 	 [ERROR | coreUtils.py:228] >  ! Error onboarding new league 854530 to fpldb
Traceback (most recent call last):
  File "D:\Sherine Davis\Code\PycharmProjects\FPLDasherboard\fpldb\utils\coreUtils.py", line 224, in getClassicLeagueStandings
    basicInfo = CoreDBUtils.getLeagueDetails(leagueId)
AttributeError: type object 'CoreDBUtils' has no attribute 'getLeagueDetails'
2021-01-29 21:38:41,587 	 [ERROR | dashboardRequestHandler.py:27] > [EXCEPTION] While trying to respond to query /api/CLASSICLEAGUE/854530
Traceback (most recent call last):
  File "D:\Sherine Davis\Code\PycharmProjects\FPLDasherboard\fpldb\dashboardService\handlers\dashboardRequestHandler.py", line 22, in get
    response = self.calculateLiveStandingsForLeague()
  File "D:\Sherine Davis\Code\PycharmProjects\FPLDasherboard\fpldb\dashboardService\handlers\dashboardRequestHandler.py", line 268, in calculateLiveStandingsForLeague
    currentStandings = self.getClassicLeagueStandings()
  File "D:\Sherine Davis\Code\PycharmProjects\FPLDasherboard\fpldb\dashboardService\handlers\dashboardRequestHandler.py", line 202, in getClassicLeagueStandings
    basicInfo = CoreUtils.getClassicLeagueStandings(leagueId)
  File "D:\Sherine Davis\Code\PycharmProjects\FPLDasherboard\fpldb\utils\coreUtils.py", line 229, in getClassicLeagueStandings
    if basicInfo is None:
UnboundLocalError: local variable 'basicInfo' referenced before assignment
2021-01-29 21:39:46,872 	 [INFO | officialFPLApi.py:113] > Collecting bootstrap static data
2021-01-29 21:39:46,873 	 [INFO | officialFPLApi.py:118] > Request for bootstrap static data : https://fantasy.premierleague.com/api/bootstrap-static/
2021-01-29 21:39:48,187 	 [INFO | officialFPLApi.py:113] > Collecting bootstrap static data
2021-01-29 21:39:48,187 	 [INFO | officialFPLApi.py:118] > Request for bootstrap static data : https://fantasy.premierleague.com/api/bootstrap-static/
2021-01-29 21:39:50,813 	 [INFO | service.py:18] > Dashboard service listening on http://localhost:8086
2021-01-29 21:40:02,409 	 [INFO | dashboardRequestHandler.py:18] > [INCOMING] Request at /api/CLASSICLEAGUE/854530 
2021-01-29 21:40:02,409 	 [INFO | officialFPLApi.py:91] > Collecting event status
2021-01-29 21:40:02,410 	 [INFO | officialFPLApi.py:96] > Request for event status : https://fantasy.premierleague.com/api/event-status/
2021-01-29 21:40:03,275 	 [ERROR | coreUtils.py:228] >  ! Error onboarding new league 854530 to fpldb
Traceback (most recent call last):
  File "D:\Sherine Davis\Code\PycharmProjects\FPLDasherboard\fpldb\utils\coreUtils.py", line 224, in getClassicLeagueStandings
    basicInfo = CoreUtils.getLeagueDetails(leagueId)
AttributeError: type object 'CoreUtils' has no attribute 'getLeagueDetails'
2021-01-29 21:40:03,276 	 [ERROR | dashboardRequestHandler.py:27] > [EXCEPTION] While trying to respond to query /api/CLASSICLEAGUE/854530
Traceback (most recent call last):
  File "D:\Sherine Davis\Code\PycharmProjects\FPLDasherboard\fpldb\dashboardService\handlers\dashboardRequestHandler.py", line 22, in get
    response = self.calculateLiveStandingsForLeague()
  File "D:\Sherine Davis\Code\PycharmProjects\FPLDasherboard\fpldb\dashboardService\handlers\dashboardRequestHandler.py", line 268, in calculateLiveStandingsForLeague
    currentStandings = self.getClassicLeagueStandings()
  File "D:\Sherine Davis\Code\PycharmProjects\FPLDasherboard\fpldb\dashboardService\handlers\dashboardRequestHandler.py", line 202, in getClassicLeagueStandings
    basicInfo = CoreUtils.getClassicLeagueStandings(leagueId)
  File "D:\Sherine Davis\Code\PycharmProjects\FPLDasherboard\fpldb\utils\coreUtils.py", line 229, in getClassicLeagueStandings
    if basicInfo is None:
UnboundLocalError: local variable 'basicInfo' referenced before assignment
2021-01-29 21:40:57,746 	 [INFO | officialFPLApi.py:113] > Collecting bootstrap static data
2021-01-29 21:40:57,746 	 [INFO | officialFPLApi.py:118] > Request for bootstrap static data : https://fantasy.premierleague.com/api/bootstrap-static/
2021-01-29 21:40:58,874 	 [INFO | officialFPLApi.py:113] > Collecting bootstrap static data
2021-01-29 21:40:58,874 	 [INFO | officialFPLApi.py:118] > Request for bootstrap static data : https://fantasy.premierleague.com/api/bootstrap-static/
2021-01-29 21:41:01,443 	 [INFO | service.py:18] > Dashboard service listening on http://localhost:8086
2021-01-29 21:41:06,501 	 [INFO | dashboardRequestHandler.py:18] > [INCOMING] Request at /api/CLASSICLEAGUE/854530 
2021-01-29 21:41:06,502 	 [INFO | officialFPLApi.py:91] > Collecting event status
2021-01-29 21:41:06,502 	 [INFO | officialFPLApi.py:96] > Request for event status : https://fantasy.premierleague.com/api/event-status/
2021-01-29 21:41:12,949 	 [INFO | officialFPLApi.py:156] > Collecting classic league standings for 854530
2021-01-29 21:41:12,950 	 [INFO | officialFPLApi.py:161] > Request for classic league standings : https://fantasy.premierleague.com/api/leagues-classic/854530/standings/
2021-01-29 21:41:14,533 	 [INFO | officialFPLApi.py:165] > Collected response for classic league standings : {'league': {'id': 854530, 'name': 'Justice league :D', 'created': '2020-09-09T15:45:20.296151Z', 'closed': False, 'max_entries': None, 'league_type': 'x', 'scoring': 'c', 'admin_entry': 3753381, 'start_event': 1, 'code_privacy': 'p', 'has_cup': False, 'cup_league': None, 'rank': None}, 'new_entries': {'has_next': False, 'page': 1, 'results': []}, 'standings': {'has_next': False, 'page': 1, 'results': [{'id': 22698054, 'event_total': 54, 'player_name': 'Rohit Roy', 'rank': 1, 'last_rank': 1, 'rank_sort': 1, 'total': 1254, 'entry': 2599752, 'entry_name': "Shambu's kids"}, {'id': 22698056, 'event_total': 47, 'player_name': 'Nitin Krishna', 'rank': 2, 'last_rank': 2, 'rank_sort': 2, 'total': 1232, 'entry': 799765, 'entry_name': 'NiñeXI'}, {'id': 31547344, 'event_total': 42, 'player_name': 'Sherine Davis', 'rank': 3, 'last_rank': 3, 'rank_sort': 3, 'total': 1203, 'entry': 4979783, 'entry_name': 'Da Sher'}, {'id': 22698058, 'event_total': 41, 'player_name': 'Ajish Philip', 'rank': 4, 'last_rank': 4, 'rank_sort': 4, 'total': 1189, 'entry': 2925830, 'entry_name': 'MFC'}, {'id': 22698059, 'event_total': 41, 'player_name': 'Sanjo Jain', 'rank': 5, 'last_rank': 5, 'rank_sort': 5, 'total': 1188, 'entry': 489665, 'entry_name': 'KappaFishcurryXI'}, {'id': 29649115, 'event_total': 70, 'player_name': 'Aryabhatt M R', 'rank': 6, 'last_rank': 7, 'rank_sort': 6, 'total': 1182, 'entry': 4710397, 'entry_name': 'ole ole ole'}, {'id': 22698050, 'event_total': 42, 'player_name': 'Janardhan Kammath', 'rank': 7, 'last_rank': 6, 'rank_sort': 7, 'total': 1167, 'entry': 3753381, 'entry_name': 'Kallummakkais'}, {'id': 35959276, 'event_total': 50, 'player_name': 'Sreeraj Janardhanan', 'rank': 8, 'last_rank': 8, 'rank_sort': 8, 'total': 1155, 'entry': 5572779, 'entry_name': 'Purge'}, {'id': 22698061, 'event_total': 68, 'player_name': 'Vijay Ganapathy Girish', 'rank': 9, 'last_rank': 10, 'rank_sort': 9, 'total': 1154, 'entry': 427885, 'entry_name': "Vijayettan's XI"}, {'id': 23262481, 'event_total': 30, 'player_name': 'Vishnu Prabhakar', 'rank': 10, 'last_rank': 9, 'rank_sort': 10, 'total': 1125, 'entry': 3831449, 'entry_name': 'Lord8ar2omeuFC'}, {'id': 22839657, 'event_total': 47, 'player_name': 'Ramakrishnan Natarajan', 'rank': 11, 'last_rank': 11, 'rank_sort': 11, 'total': 1111, 'entry': 3165748, 'entry_name': 'Gilphonsi Malpova'}, {'id': 22732254, 'event_total': 44, 'player_name': 'Jeremy Elengical', 'rank': 12, 'last_rank': 12, 'rank_sort': 12, 'total': 1091, 'entry': 3758444, 'entry_name': 'Crystal Phallus'}, {'id': 22698053, 'event_total': 27, 'player_name': 'Shivaraj Jayakumar', 'rank': 13, 'last_rank': 13, 'rank_sort': 13, 'total': 1024, 'entry': 468623, 'entry_name': 'Überdogs'}, {'id': 22698052, 'event_total': 35, 'player_name': 'satrujit mohanty', 'rank': 14, 'last_rank': 14, 'rank_sort': 14, 'total': 1017, 'entry': 1664036, 'entry_name': 'OnlyTillNovember FC'}, {'id': 29512318, 'event_total': 33, 'player_name': 'Vishnu Balakrishnan', 'rank': 15, 'last_rank': 15, 'rank_sort': 15, 'total': 918, 'entry': 4693999, 'entry_name': 'Gilphonsi Malpova'}, {'id': 35492143, 'event_total': 25, 'player_name': 'Anwin P S', 'rank': 16, 'last_rank': 16, 'rank_sort': 16, 'total': 910, 'entry': 5510973, 'entry_name': 'an_archist'}, {'id': 31905386, 'event_total': 56, 'player_name': 'Shahabas Shamsad', 'rank': 17, 'last_rank': 17, 'rank_sort': 17, 'total': 891, 'entry': 5032016, 'entry_name': 'Kondotty Bros.'}, {'id': 27698739, 'event_total': 42, 'player_name': 'Sam Radhakrishnan', 'rank': 18, 'last_rank': 19, 'rank_sort': 18, 'total': 830, 'entry': 4452170, 'entry_name': 'Childish Firmino'}, {'id': 30293794, 'event_total': 30, 'player_name': 'Aravind Krishnan', 'rank': 19, 'last_rank': 18, 'rank_sort': 19, 'total': 825, 'entry': 4804247, 'entry_name': 'Warrrr'}, {'id': 28967597, 'event_total': 36, 'player_name': 'Sai Chaithanya', 'rank': 20, 'last_rank': 20, 'rank_sort': 20, 'total': 745, 'entry': 4622834, 'entry_name': 'The Imparables'}]}}
2021-01-29 21:41:14,533 	 [INFO | officialFPLApi.py:91] > Collecting event status
2021-01-29 21:41:14,533 	 [INFO | officialFPLApi.py:96] > Request for event status : https://fantasy.premierleague.com/api/event-status/
2021-01-29 21:41:48,928 	 [INFO | officialFPLApi.py:113] > Collecting bootstrap static data
2021-01-29 21:41:48,928 	 [INFO | officialFPLApi.py:118] > Request for bootstrap static data : https://fantasy.premierleague.com/api/bootstrap-static/
2021-01-29 21:41:53,231 	 [INFO | officialFPLApi.py:113] > Collecting bootstrap static data
2021-01-29 21:41:53,232 	 [INFO | officialFPLApi.py:118] > Request for bootstrap static data : https://fantasy.premierleague.com/api/bootstrap-static/
2021-01-29 21:41:55,529 	 [INFO | service.py:18] > Dashboard service listening on http://localhost:8086
2021-01-29 21:41:58,929 	 [INFO | dashboardRequestHandler.py:18] > [INCOMING] Request at /api/CLASSICLEAGUE/854530 
2021-01-29 21:41:58,929 	 [INFO | officialFPLApi.py:91] > Collecting event status
2021-01-29 21:41:58,929 	 [INFO | officialFPLApi.py:96] > Request for event status : https://fantasy.premierleague.com/api/event-status/
2021-01-29 21:42:06,352 	 [INFO | officialFPLApi.py:156] > Collecting classic league standings for 854530
2021-01-29 21:42:06,352 	 [INFO | officialFPLApi.py:161] > Request for classic league standings : https://fantasy.premierleague.com/api/leagues-classic/854530/standings/
2021-01-29 21:42:07,249 	 [INFO | officialFPLApi.py:165] > Collected response for classic league standings : {'league': {'id': 854530, 'name': 'Justice league :D', 'created': '2020-09-09T15:45:20.296151Z', 'closed': False, 'max_entries': None, 'league_type': 'x', 'scoring': 'c', 'admin_entry': 3753381, 'start_event': 1, 'code_privacy': 'p', 'has_cup': False, 'cup_league': None, 'rank': None}, 'new_entries': {'has_next': False, 'page': 1, 'results': []}, 'standings': {'has_next': False, 'page': 1, 'results': [{'id': 22698054, 'event_total': 54, 'player_name': 'Rohit Roy', 'rank': 1, 'last_rank': 1, 'rank_sort': 1, 'total': 1254, 'entry': 2599752, 'entry_name': "Shambu's kids"}, {'id': 22698056, 'event_total': 47, 'player_name': 'Nitin Krishna', 'rank': 2, 'last_rank': 2, 'rank_sort': 2, 'total': 1232, 'entry': 799765, 'entry_name': 'NiñeXI'}, {'id': 31547344, 'event_total': 42, 'player_name': 'Sherine Davis', 'rank': 3, 'last_rank': 3, 'rank_sort': 3, 'total': 1203, 'entry': 4979783, 'entry_name': 'Da Sher'}, {'id': 22698058, 'event_total': 41, 'player_name': 'Ajish Philip', 'rank': 4, 'last_rank': 4, 'rank_sort': 4, 'total': 1189, 'entry': 2925830, 'entry_name': 'MFC'}, {'id': 22698059, 'event_total': 41, 'player_name': 'Sanjo Jain', 'rank': 5, 'last_rank': 5, 'rank_sort': 5, 'total': 1188, 'entry': 489665, 'entry_name': 'KappaFishcurryXI'}, {'id': 29649115, 'event_total': 70, 'player_name': 'Aryabhatt M R', 'rank': 6, 'last_rank': 7, 'rank_sort': 6, 'total': 1182, 'entry': 4710397, 'entry_name': 'ole ole ole'}, {'id': 22698050, 'event_total': 42, 'player_name': 'Janardhan Kammath', 'rank': 7, 'last_rank': 6, 'rank_sort': 7, 'total': 1167, 'entry': 3753381, 'entry_name': 'Kallummakkais'}, {'id': 35959276, 'event_total': 50, 'player_name': 'Sreeraj Janardhanan', 'rank': 8, 'last_rank': 8, 'rank_sort': 8, 'total': 1155, 'entry': 5572779, 'entry_name': 'Purge'}, {'id': 22698061, 'event_total': 68, 'player_name': 'Vijay Ganapathy Girish', 'rank': 9, 'last_rank': 10, 'rank_sort': 9, 'total': 1154, 'entry': 427885, 'entry_name': "Vijayettan's XI"}, {'id': 23262481, 'event_total': 30, 'player_name': 'Vishnu Prabhakar', 'rank': 10, 'last_rank': 9, 'rank_sort': 10, 'total': 1125, 'entry': 3831449, 'entry_name': 'Lord8ar2omeuFC'}, {'id': 22839657, 'event_total': 47, 'player_name': 'Ramakrishnan Natarajan', 'rank': 11, 'last_rank': 11, 'rank_sort': 11, 'total': 1111, 'entry': 3165748, 'entry_name': 'Gilphonsi Malpova'}, {'id': 22732254, 'event_total': 44, 'player_name': 'Jeremy Elengical', 'rank': 12, 'last_rank': 12, 'rank_sort': 12, 'total': 1091, 'entry': 3758444, 'entry_name': 'Crystal Phallus'}, {'id': 22698053, 'event_total': 27, 'player_name': 'Shivaraj Jayakumar', 'rank': 13, 'last_rank': 13, 'rank_sort': 13, 'total': 1024, 'entry': 468623, 'entry_name': 'Überdogs'}, {'id': 22698052, 'event_total': 35, 'player_name': 'satrujit mohanty', 'rank': 14, 'last_rank': 14, 'rank_sort': 14, 'total': 1017, 'entry': 1664036, 'entry_name': 'OnlyTillNovember FC'}, {'id': 29512318, 'event_total': 33, 'player_name': 'Vishnu Balakrishnan', 'rank': 15, 'last_rank': 15, 'rank_sort': 15, 'total': 918, 'entry': 4693999, 'entry_name': 'Gilphonsi Malpova'}, {'id': 35492143, 'event_total': 25, 'player_name': 'Anwin P S', 'rank': 16, 'last_rank': 16, 'rank_sort': 16, 'total': 910, 'entry': 5510973, 'entry_name': 'an_archist'}, {'id': 31905386, 'event_total': 56, 'player_name': 'Shahabas Shamsad', 'rank': 17, 'last_rank': 17, 'rank_sort': 17, 'total': 891, 'entry': 5032016, 'entry_name': 'Kondotty Bros.'}, {'id': 27698739, 'event_total': 42, 'player_name': 'Sam Radhakrishnan', 'rank': 18, 'last_rank': 19, 'rank_sort': 18, 'total': 830, 'entry': 4452170, 'entry_name': 'Childish Firmino'}, {'id': 30293794, 'event_total': 30, 'player_name': 'Aravind Krishnan', 'rank': 19, 'last_rank': 18, 'rank_sort': 19, 'total': 825, 'entry': 4804247, 'entry_name': 'Warrrr'}, {'id': 28967597, 'event_total': 36, 'player_name': 'Sai Chaithanya', 'rank': 20, 'last_rank': 20, 'rank_sort': 20, 'total': 745, 'entry': 4622834, 'entry_name': 'The Imparables'}]}}
2021-01-29 21:42:07,249 	 [INFO | officialFPLApi.py:91] > Collecting event status
2021-01-29 21:42:07,249 	 [INFO | officialFPLApi.py:96] > Request for event status : https://fantasy.premierleague.com/api/event-status/
2021-01-29 21:42:34,400 	 [INFO | officialFPLApi.py:140] > Collecting player picks for <built-in function id>, 20
2021-01-29 21:42:34,400 	 [INFO | officialFPLApi.py:145] > Request for player picks : https://fantasy.premierleague.com/api/entry/2599752/event/20/picks/
2021-01-29 21:43:27,672 	 [INFO | officialFPLApi.py:113] > Collecting bootstrap static data
2021-01-29 21:43:27,672 	 [INFO | officialFPLApi.py:118] > Request for bootstrap static data : https://fantasy.premierleague.com/api/bootstrap-static/
2021-01-29 21:43:31,791 	 [INFO | officialFPLApi.py:113] > Collecting bootstrap static data
2021-01-29 21:43:31,791 	 [INFO | officialFPLApi.py:118] > Request for bootstrap static data : https://fantasy.premierleague.com/api/bootstrap-static/
2021-01-29 21:43:34,388 	 [INFO | service.py:18] > Dashboard service listening on http://localhost:8086
2021-01-29 21:43:35,123 	 [INFO | dashboardRequestHandler.py:18] > [INCOMING] Request at /api/CLASSICLEAGUE/854530 
2021-01-29 21:43:35,123 	 [INFO | officialFPLApi.py:91] > Collecting event status
2021-01-29 21:43:35,123 	 [INFO | officialFPLApi.py:96] > Request for event status : https://fantasy.premierleague.com/api/event-status/
2021-01-29 21:43:42,670 	 [INFO | officialFPLApi.py:156] > Collecting classic league standings for 854530
2021-01-29 21:43:42,670 	 [INFO | officialFPLApi.py:161] > Request for classic league standings : https://fantasy.premierleague.com/api/leagues-classic/854530/standings/
2021-01-29 21:43:43,567 	 [INFO | officialFPLApi.py:165] > Collected response for classic league standings : {'league': {'id': 854530, 'name': 'Justice league :D', 'created': '2020-09-09T15:45:20.296151Z', 'closed': False, 'max_entries': None, 'league_type': 'x', 'scoring': 'c', 'admin_entry': 3753381, 'start_event': 1, 'code_privacy': 'p', 'has_cup': False, 'cup_league': None, 'rank': None}, 'new_entries': {'has_next': False, 'page': 1, 'results': []}, 'standings': {'has_next': False, 'page': 1, 'results': [{'id': 22698054, 'event_total': 54, 'player_name': 'Rohit Roy', 'rank': 1, 'last_rank': 1, 'rank_sort': 1, 'total': 1254, 'entry': 2599752, 'entry_name': "Shambu's kids"}, {'id': 22698056, 'event_total': 47, 'player_name': 'Nitin Krishna', 'rank': 2, 'last_rank': 2, 'rank_sort': 2, 'total': 1232, 'entry': 799765, 'entry_name': 'NiñeXI'}, {'id': 31547344, 'event_total': 42, 'player_name': 'Sherine Davis', 'rank': 3, 'last_rank': 3, 'rank_sort': 3, 'total': 1203, 'entry': 4979783, 'entry_name': 'Da Sher'}, {'id': 22698058, 'event_total': 41, 'player_name': 'Ajish Philip', 'rank': 4, 'last_rank': 4, 'rank_sort': 4, 'total': 1189, 'entry': 2925830, 'entry_name': 'MFC'}, {'id': 22698059, 'event_total': 41, 'player_name': 'Sanjo Jain', 'rank': 5, 'last_rank': 5, 'rank_sort': 5, 'total': 1188, 'entry': 489665, 'entry_name': 'KappaFishcurryXI'}, {'id': 29649115, 'event_total': 70, 'player_name': 'Aryabhatt M R', 'rank': 6, 'last_rank': 7, 'rank_sort': 6, 'total': 1182, 'entry': 4710397, 'entry_name': 'ole ole ole'}, {'id': 22698050, 'event_total': 42, 'player_name': 'Janardhan Kammath', 'rank': 7, 'last_rank': 6, 'rank_sort': 7, 'total': 1167, 'entry': 3753381, 'entry_name': 'Kallummakkais'}, {'id': 35959276, 'event_total': 50, 'player_name': 'Sreeraj Janardhanan', 'rank': 8, 'last_rank': 8, 'rank_sort': 8, 'total': 1155, 'entry': 5572779, 'entry_name': 'Purge'}, {'id': 22698061, 'event_total': 68, 'player_name': 'Vijay Ganapathy Girish', 'rank': 9, 'last_rank': 10, 'rank_sort': 9, 'total': 1154, 'entry': 427885, 'entry_name': "Vijayettan's XI"}, {'id': 23262481, 'event_total': 30, 'player_name': 'Vishnu Prabhakar', 'rank': 10, 'last_rank': 9, 'rank_sort': 10, 'total': 1125, 'entry': 3831449, 'entry_name': 'Lord8ar2omeuFC'}, {'id': 22839657, 'event_total': 47, 'player_name': 'Ramakrishnan Natarajan', 'rank': 11, 'last_rank': 11, 'rank_sort': 11, 'total': 1111, 'entry': 3165748, 'entry_name': 'Gilphonsi Malpova'}, {'id': 22732254, 'event_total': 44, 'player_name': 'Jeremy Elengical', 'rank': 12, 'last_rank': 12, 'rank_sort': 12, 'total': 1091, 'entry': 3758444, 'entry_name': 'Crystal Phallus'}, {'id': 22698053, 'event_total': 27, 'player_name': 'Shivaraj Jayakumar', 'rank': 13, 'last_rank': 13, 'rank_sort': 13, 'total': 1024, 'entry': 468623, 'entry_name': 'Überdogs'}, {'id': 22698052, 'event_total': 35, 'player_name': 'satrujit mohanty', 'rank': 14, 'last_rank': 14, 'rank_sort': 14, 'total': 1017, 'entry': 1664036, 'entry_name': 'OnlyTillNovember FC'}, {'id': 29512318, 'event_total': 33, 'player_name': 'Vishnu Balakrishnan', 'rank': 15, 'last_rank': 15, 'rank_sort': 15, 'total': 918, 'entry': 4693999, 'entry_name': 'Gilphonsi Malpova'}, {'id': 35492143, 'event_total': 25, 'player_name': 'Anwin P S', 'rank': 16, 'last_rank': 16, 'rank_sort': 16, 'total': 910, 'entry': 5510973, 'entry_name': 'an_archist'}, {'id': 31905386, 'event_total': 56, 'player_name': 'Shahabas Shamsad', 'rank': 17, 'last_rank': 17, 'rank_sort': 17, 'total': 891, 'entry': 5032016, 'entry_name': 'Kondotty Bros.'}, {'id': 27698739, 'event_total': 42, 'player_name': 'Sam Radhakrishnan', 'rank': 18, 'last_rank': 19, 'rank_sort': 18, 'total': 830, 'entry': 4452170, 'entry_name': 'Childish Firmino'}, {'id': 30293794, 'event_total': 30, 'player_name': 'Aravind Krishnan', 'rank': 19, 'last_rank': 18, 'rank_sort': 19, 'total': 825, 'entry': 4804247, 'entry_name': 'Warrrr'}, {'id': 28967597, 'event_total': 36, 'player_name': 'Sai Chaithanya', 'rank': 20, 'last_rank': 20, 'rank_sort': 20, 'total': 745, 'entry': 4622834, 'entry_name': 'The Imparables'}]}}
2021-01-29 21:43:43,567 	 [INFO | officialFPLApi.py:91] > Collecting event status
2021-01-29 21:43:43,567 	 [INFO | officialFPLApi.py:96] > Request for event status : https://fantasy.premierleague.com/api/event-status/
2021-01-29 21:43:57,098 	 [INFO | officialFPLApi.py:140] > Collecting player picks for <built-in function id>, 20
2021-01-29 21:43:57,098 	 [INFO | officialFPLApi.py:145] > Request for player picks : https://fantasy.premierleague.com/api/entry/2599752/event/20/picks/
2021-01-30 01:18:53,656 	 [INFO | officialFPLApi.py:14] > Collecting basic team info for 2599752
2021-01-30 01:18:53,656 	 [INFO | officialFPLApi.py:19] > Request for basic team info : https://fantasy.premierleague.com/api/entry/2599752/
2021-01-30 01:18:54,632 	 [INFO | officialFPLApi.py:23] > Collected response for classic league standings : {'id': 2599752, 'joined_time': '2020-09-04T04:16:57.641049Z', 'started_event': 1, 'favourite_team': None, 'player_first_name': 'Rohit', 'player_last_name': 'Roy', 'player_region_id': 100, 'player_region_name': 'India', 'player_region_iso_code_short': 'IN', 'player_region_iso_code_long': 'IND', 'summary_overall_points': 1254, 'summary_overall_rank': 60759, 'summary_event_points': 54, 'summary_event_rank': 1398640, 'current_event': 20, 'leagues': {'classic': [{'id': 120, 'name': 'India', 'short_name': 'region-100', 'created': '2020-08-15T09:00:48.733725Z', 'closed': False, 'rank': None, 'max_entries': None, 'league_type': 's', 'scoring': 'c', 'admin_entry': None, 'start_event': 1, 'entry_can_leave': False, 'entry_can_admin': False, 'entry_can_invite': False, 'has_cup': False, 'cup_league': None, 'cup_qualified': None, 'entry_rank': 2499, 'entry_last_rank': 3045}, {'id': 276, 'name': 'Gameweek 1', 'short_name': 'event-1', 'created': '2020-08-15T09:00:52.298412Z', 'closed': False, 'rank': None, 'max_entries': None, 'league_type': 's', 'scoring': 'c', 'admin_entry': None, 'start_event': 1, 'entry_can_leave': False, 'entry_can_admin': False, 'entry_can_invite': False, 'has_cup': False, 'cup_league': None, 'cup_qualified': None, 'entry_rank': 60695, 'entry_last_rank': 71171}, {'id': 314, 'name': 'Overall', 'short_name': 'overall', 'created': '2020-08-15T09:00:54.021038Z', 'closed': False, 'rank': None, 'max_entries': None, 'league_type': 's', 'scoring': 'c', 'admin_entry': None, 'start_event': 1, 'entry_can_leave': False, 'entry_can_admin': False, 'entry_can_invite': False, 'has_cup': True, 'cup_league': 315, 'cup_qualified': True, 'entry_rank': 60759, 'entry_last_rank': 71252}, {'id': 35414, 'name': 'TheUnitedStand Official', 'short_name': None, 'created': '2020-08-15T14:18:17.242361Z', 'closed': False, 'rank': None, 'max_entries': None, 'league_type': 'x', 'scoring': 'c', 'admin_entry': 176661, 'start_event': 1, 'entry_can_leave': True, 'entry_can_admin': False, 'entry_can_invite': False, 'has_cup': False, 'cup_league': None, 'cup_qualified': None, 'entry_rank': 502, 'entry_last_rank': 577}, {'id': 566447, 'name': 'Star Sports', 'short_name': 'brd-starsports', 'created': '2020-09-03T16:23:53.902965Z', 'closed': False, 'rank': None, 'max_entries': None, 'league_type': 's', 'scoring': 'c', 'admin_entry': None, 'start_event': 1, 'entry_can_leave': False, 'entry_can_admin': False, 'entry_can_invite': False, 'has_cup': True, 'cup_league': 1819398, 'cup_qualified': True, 'entry_rank': 2499, 'entry_last_rank': 3045}, {'id': 576134, 'name': 'Munci League', 'short_name': None, 'created': '2020-09-03T23:17:44.661356Z', 'closed': False, 'rank': None, 'max_entries': None, 'league_type': 'x', 'scoring': 'c', 'admin_entry': 2421099, 'start_event': 1, 'entry_can_leave': True, 'entry_can_admin': False, 'entry_can_invite': False, 'has_cup': False, 'cup_league': None, 'cup_qualified': None, 'entry_rank': 1, 'entry_last_rank': 1}, {'id': 671157, 'name': 'FPT', 'short_name': None, 'created': '2020-09-06T18:10:47.959806Z', 'closed': False, 'rank': None, 'max_entries': None, 'league_type': 'x', 'scoring': 'c', 'admin_entry': 3009389, 'start_event': 1, 'entry_can_leave': True, 'entry_can_admin': False, 'entry_can_invite': False, 'has_cup': False, 'cup_league': None, 'cup_qualified': None, 'entry_rank': 1, 'entry_last_rank': 1}, {'id': 671160, 'name': 'NIT Trichy', 'short_name': None, 'created': '2020-09-06T18:10:49.385912Z', 'closed': False, 'rank': None, 'max_entries': None, 'league_type': 'x', 'scoring': 'c', 'admin_entry': 3009389, 'start_event': 1, 'entry_can_leave': True, 'entry_can_admin': False, 'entry_can_invite': False, 'has_cup': False, 'cup_league': None, 'cup_qualified': None, 'entry_rank': 4, 'entry_last_rank': 7}, {'id': 854530, 'name': 'Justice league :D', 'short_name': None, 'created': '2020-09-09T15:45:20.296151Z', 'closed': False, 'rank': None, 'max_entries': None, 'league_type': 'x', 'scoring': 'c', 'admin_entry': 3753381, 'start_event': 1, 'entry_can_leave': True, 'entry_can_admin': False, 'entry_can_invite': False, 'has_cup': False, 'cup_league': None, 'cup_qualified': None, 'entry_rank': 1, 'entry_last_rank': 1}], 'h2h': [{'id': 1119429, 'name': 'VIJAYETTAN MEMORIAL TROPHY', 'short_name': None, 'created': '2020-09-11T18:00:05.007776Z', 'closed': True, 'rank': None, 'max_entries': None, 'league_type': 'x', 'scoring': 'h', 'admin_entry': 799765, 'start_event': 1, 'entry_can_leave': False, 'entry_can_admin': False, 'entry_can_invite': False, 'has_cup': False, 'cup_league': None, 'cup_qualified': None, 'entry_rank': 7, 'entry_last_rank': 7}], 'cup': {'matches': [{'id': 46357818, 'entry_1_entry': 2599752, 'entry_1_name': "Shambu's kids", 'entry_1_player_name': 'Rohit Roy', 'entry_1_points': 44, 'entry_1_win': 0, 'entry_1_draw': 0, 'entry_1_loss': 0, 'entry_1_total': 0, 'entry_2_entry': 346150, 'entry_2_name': 'Pre Season Friendly', 'entry_2_player_name': 'Adam Friend', 'entry_2_points': 47, 'entry_2_win': 0, 'entry_2_draw': 0, 'entry_2_loss': 0, 'entry_2_total': 0, 'is_knockout': True, 'winner': 346150, 'seed_value': None, 'event': 18, 'tiebreak': None}, {'id': 44643849, 'entry_1_entry': 5948339, 'entry_1_name': 'Lhandro', 'entry_1_player_name': 'Adelowo Emmanuel', 'entry_1_points': 61, 'entry_1_win': 0, 'entry_1_draw': 0, 'entry_1_loss': 0, 'entry_1_total': 0, 'entry_2_entry': 2599752, 'entry_2_name': "Shambu's kids", 'entry_2_player_name': 'Rohit Roy', 'entry_2_points': 67, 'entry_2_win': 0, 'entry_2_draw': 0, 'entry_2_loss': 0, 'entry_2_total': 0, 'is_knockout': True, 'winner': 2599752, 'seed_value': None, 'event': 17, 'tiebreak': None}], 'status': {'qualification_event': 16, 'qualification_numbers': 4194304, 'qualification_rank': 774782, 'qualification_state': 'QUALIFIED'}, 'cup_league': 315}}, 'name': "Shambu's kids", 'kit': None, 'last_deadline_bank': 1, 'last_deadline_value': 1036, 'last_deadline_total_transfers': 15}
